
*** Running vivado
    with args -log top_microprocesador.vds -m64 -product Vivado -mode batch -messageDb vivado.pb -notrace -source top_microprocesador.tcl



****** Vivado v2024.2 (64-bit)
  **** SW Build 5239630 on Fri Nov 08 22:35:27 MST 2024
  **** IP Build 5239520 on Sun Nov 10 16:12:51 MST 2024
  **** SharedData Build 5239561 on Fri Nov 08 14:39:27 MST 2024
  **** Start of session at: Tue Apr 21 11:24:19 2026
    ** Copyright 1986-2022 Xilinx, Inc. All Rights Reserved.
    ** Copyright 2022-2024 Advanced Micro Devices, Inc. All Rights Reserved.

source top_microprocesador.tcl -notrace
Command: read_checkpoint -auto_incremental -incremental C:/Users/anshr/Proyecto2a/Camino1a/Microproceador/Microproceador.srcs/utils_1/imports/synth_1/top_microprocesador.dcp
INFO: [Vivado 12-5825] Read reference checkpoint from C:/Users/anshr/Proyecto2a/Camino1a/Microproceador/Microproceador.srcs/utils_1/imports/synth_1/top_microprocesador.dcp for incremental synthesis
INFO: [Vivado 12-7989] Please ensure there are no constraint changes
Command: synth_design -top top_microprocesador -part xc7a100tcsg324-1
Starting synth_design
Attempting to get a license for feature 'Synthesis' and/or device 'xc7a100t'
INFO: [Common 17-349] Got license for feature 'Synthesis' and/or device 'xc7a100t'
INFO: [Device 21-403] Loading part xc7a100tcsg324-1
INFO: [Designutils 20-5440] No compile time benefit to using incremental synthesis; A full resynthesis will be run
INFO: [Designutils 20-4379] Flow is switching to default flow due to incremental criteria not met. If you would like to alter this behaviour and have the flow terminate instead, please set the following parameter config_implementation {autoIncr.Synth.RejectBehavior Terminate}
INFO: [Synth 8-7079] Multithreading enabled for synth_design using a maximum of 2 processes.
INFO: [Synth 8-7078] Launching helper process for spawning children vivado processes
INFO: [Synth 8-7075] Helper process launched with PID 14108
---------------------------------------------------------------------------------
Starting RTL Elaboration : Time (s): cpu = 00:00:06 ; elapsed = 00:00:08 . Memory (MB): peak = 1023.293 ; gain = 468.715
---------------------------------------------------------------------------------
INFO: [Synth 8-6157] synthesizing module 'top_microprocesador' [C:/Users/anshr/Proyecto2a/Camino1a/Microproceador/scr/top/top_microprocesador.v:3]
INFO: [Synth 8-6157] synthesizing module 'clk_wiz_0' [C:/Users/anshr/Proyecto2a/Camino1a/Microproceador/Microproceador.runs/synth_1/.Xil/Vivado-6636-ASHG/realtime/clk_wiz_0_stub.v:6]
INFO: [Synth 8-6155] done synthesizing module 'clk_wiz_0' (0#1) [C:/Users/anshr/Proyecto2a/Camino1a/Microproceador/Microproceador.runs/synth_1/.Xil/Vivado-6636-ASHG/realtime/clk_wiz_0_stub.v:6]
INFO: [Synth 8-6157] synthesizing module 'picorv32' [C:/Users/anshr/Proyecto2a/Camino1a/Microproceador/scr/riscv/picorv32.v:62]
WARNING: [Synth 8-151] case item 1'b0 is unreachable [C:/Users/anshr/Proyecto2a/Camino1a/Microproceador/scr/riscv/picorv32.v:1268]
WARNING: [Synth 8-151] case item 1'b0 is unreachable [C:/Users/anshr/Proyecto2a/Camino1a/Microproceador/scr/riscv/picorv32.v:1314]
INFO: [Synth 8-155] case statement is not full and has no default [C:/Users/anshr/Proyecto2a/Camino1a/Microproceador/scr/riscv/picorv32.v:1314]
WARNING: [Synth 8-151] case item 1'b0 is unreachable [C:/Users/anshr/Proyecto2a/Camino1a/Microproceador/scr/riscv/picorv32.v:1497]
INFO: [Synth 8-155] case statement is not full and has no default [C:/Users/anshr/Proyecto2a/Camino1a/Microproceador/scr/riscv/picorv32.v:1497]
WARNING: [Synth 8-151] case item 1'b0 is unreachable [C:/Users/anshr/Proyecto2a/Camino1a/Microproceador/scr/riscv/picorv32.v:1583]
WARNING: [Synth 8-151] case item 1'b0 is unreachable [C:/Users/anshr/Proyecto2a/Camino1a/Microproceador/scr/riscv/picorv32.v:1583]
WARNING: [Synth 8-151] case item 1'b0 is unreachable [C:/Users/anshr/Proyecto2a/Camino1a/Microproceador/scr/riscv/picorv32.v:1583]
WARNING: [Synth 8-151] case item 1'b0 is unreachable [C:/Users/anshr/Proyecto2a/Camino1a/Microproceador/scr/riscv/picorv32.v:1583]
WARNING: [Synth 8-151] case item 1'b0 is unreachable [C:/Users/anshr/Proyecto2a/Camino1a/Microproceador/scr/riscv/picorv32.v:1583]
INFO: [Synth 8-6155] done synthesizing module 'picorv32' (0#1) [C:/Users/anshr/Proyecto2a/Camino1a/Microproceador/scr/riscv/picorv32.v:62]
WARNING: [Synth 8-7071] port 'mem_la_read' of module 'picorv32' is unconnected for instance 'cpu' [C:/Users/anshr/Proyecto2a/Camino1a/Microproceador/scr/top/top_microprocesador.v:39]
WARNING: [Synth 8-7071] port 'mem_la_write' of module 'picorv32' is unconnected for instance 'cpu' [C:/Users/anshr/Proyecto2a/Camino1a/Microproceador/scr/top/top_microprocesador.v:39]
WARNING: [Synth 8-7071] port 'mem_la_addr' of module 'picorv32' is unconnected for instance 'cpu' [C:/Users/anshr/Proyecto2a/Camino1a/Microproceador/scr/top/top_microprocesador.v:39]
WARNING: [Synth 8-7071] port 'mem_la_wdata' of module 'picorv32' is unconnected for instance 'cpu' [C:/Users/anshr/Proyecto2a/Camino1a/Microproceador/scr/top/top_microprocesador.v:39]
WARNING: [Synth 8-7071] port 'mem_la_wstrb' of module 'picorv32' is unconnected for instance 'cpu' [C:/Users/anshr/Proyecto2a/Camino1a/Microproceador/scr/top/top_microprocesador.v:39]
WARNING: [Synth 8-7071] port 'pcpi_valid' of module 'picorv32' is unconnected for instance 'cpu' [C:/Users/anshr/Proyecto2a/Camino1a/Microproceador/scr/top/top_microprocesador.v:39]
WARNING: [Synth 8-7071] port 'pcpi_insn' of module 'picorv32' is unconnected for instance 'cpu' [C:/Users/anshr/Proyecto2a/Camino1a/Microproceador/scr/top/top_microprocesador.v:39]
WARNING: [Synth 8-7071] port 'pcpi_rs1' of module 'picorv32' is unconnected for instance 'cpu' [C:/Users/anshr/Proyecto2a/Camino1a/Microproceador/scr/top/top_microprocesador.v:39]
WARNING: [Synth 8-7071] port 'pcpi_rs2' of module 'picorv32' is unconnected for instance 'cpu' [C:/Users/anshr/Proyecto2a/Camino1a/Microproceador/scr/top/top_microprocesador.v:39]
WARNING: [Synth 8-7071] port 'pcpi_wr' of module 'picorv32' is unconnected for instance 'cpu' [C:/Users/anshr/Proyecto2a/Camino1a/Microproceador/scr/top/top_microprocesador.v:39]
WARNING: [Synth 8-7071] port 'pcpi_rd' of module 'picorv32' is unconnected for instance 'cpu' [C:/Users/anshr/Proyecto2a/Camino1a/Microproceador/scr/top/top_microprocesador.v:39]
WARNING: [Synth 8-7071] port 'pcpi_wait' of module 'picorv32' is unconnected for instance 'cpu' [C:/Users/anshr/Proyecto2a/Camino1a/Microproceador/scr/top/top_microprocesador.v:39]
WARNING: [Synth 8-7071] port 'pcpi_ready' of module 'picorv32' is unconnected for instance 'cpu' [C:/Users/anshr/Proyecto2a/Camino1a/Microproceador/scr/top/top_microprocesador.v:39]
WARNING: [Synth 8-7071] port 'trace_valid' of module 'picorv32' is unconnected for instance 'cpu' [C:/Users/anshr/Proyecto2a/Camino1a/Microproceador/scr/top/top_microprocesador.v:39]
WARNING: [Synth 8-7071] port 'trace_data' of module 'picorv32' is unconnected for instance 'cpu' [C:/Users/anshr/Proyecto2a/Camino1a/Microproceador/scr/top/top_microprocesador.v:39]
WARNING: [Synth 8-7023] instance 'cpu' of module 'picorv32' has 27 connections declared, but only 12 given [C:/Users/anshr/Proyecto2a/Camino1a/Microproceador/scr/top/top_microprocesador.v:39]
INFO: [Synth 8-6157] synthesizing module 'picorv32_to_axilite_master' [C:/Users/anshr/Proyecto2a/Camino1a/Microproceador/Microproceador.srcs/sources_1/new/picorv32_to_axilite_master.v:3]
INFO: [Synth 8-6155] done synthesizing module 'picorv32_to_axilite_master' (0#1) [C:/Users/anshr/Proyecto2a/Camino1a/Microproceador/Microproceador.srcs/sources_1/new/picorv32_to_axilite_master.v:3]
INFO: [Synth 8-6157] synthesizing module 'blk_mem_gen_0' [C:/Users/anshr/Proyecto2a/Camino1a/Microproceador/Microproceador.runs/synth_1/.Xil/Vivado-6636-ASHG/realtime/blk_mem_gen_0_stub.v:6]
INFO: [Synth 8-6155] done synthesizing module 'blk_mem_gen_0' (0#1) [C:/Users/anshr/Proyecto2a/Camino1a/Microproceador/Microproceador.runs/synth_1/.Xil/Vivado-6636-ASHG/realtime/blk_mem_gen_0_stub.v:6]
WARNING: [Synth 8-7071] port 'rsta_busy' of module 'blk_mem_gen_0' is unconnected for instance 'rom' [C:/Users/anshr/Proyecto2a/Camino1a/Microproceador/scr/top/top_microprocesador.v:251]
WARNING: [Synth 8-7071] port 'rstb_busy' of module 'blk_mem_gen_0' is unconnected for instance 'rom' [C:/Users/anshr/Proyecto2a/Camino1a/Microproceador/scr/top/top_microprocesador.v:251]
WARNING: [Synth 8-7023] instance 'rom' of module 'blk_mem_gen_0' has 21 connections declared, but only 19 given [C:/Users/anshr/Proyecto2a/Camino1a/Microproceador/scr/top/top_microprocesador.v:251]
INFO: [Synth 8-6157] synthesizing module 'blk_mem_gen_1' [C:/Users/anshr/Proyecto2a/Camino1a/Microproceador/Microproceador.runs/synth_1/.Xil/Vivado-6636-ASHG/realtime/blk_mem_gen_1_stub.v:6]
INFO: [Synth 8-6155] done synthesizing module 'blk_mem_gen_1' (0#1) [C:/Users/anshr/Proyecto2a/Camino1a/Microproceador/Microproceador.runs/synth_1/.Xil/Vivado-6636-ASHG/realtime/blk_mem_gen_1_stub.v:6]
WARNING: [Synth 8-7071] port 'rsta_busy' of module 'blk_mem_gen_1' is unconnected for instance 'ram' [C:/Users/anshr/Proyecto2a/Camino1a/Microproceador/scr/top/top_microprocesador.v:281]
WARNING: [Synth 8-7071] port 'rstb_busy' of module 'blk_mem_gen_1' is unconnected for instance 'ram' [C:/Users/anshr/Proyecto2a/Camino1a/Microproceador/scr/top/top_microprocesador.v:281]
WARNING: [Synth 8-7023] instance 'ram' of module 'blk_mem_gen_1' has 21 connections declared, but only 19 given [C:/Users/anshr/Proyecto2a/Camino1a/Microproceador/scr/top/top_microprocesador.v:281]
INFO: [Synth 8-6157] synthesizing module 'uart_axi_lite_wrapper' [C:/Users/anshr/Proyecto2a/Camino1a/Microproceador/Microproceador.srcs/sources_1/new/uart_axi_lite_wrapper.v:3]
INFO: [Synth 8-6157] synthesizing module 'uart' [C:/Users/anshr/Proyecto2a/Camino1a/Microproceador/scr/uart/uart.sv:3]
	Parameter BaudRate bound to: 9600 - type: integer 
	Parameter SystemClockFreq bound to: 100000000 - type: integer 
INFO: [Synth 8-6157] synthesizing module 'fifo' [C:/Users/anshr/Proyecto2a/Camino1a/Microproceador/scr/uart/fifo.sv:3]
	Parameter DataWidth bound to: 8 - type: integer 
	Parameter Depth bound to: 8 - type: integer 
INFO: [Synth 8-6157] synthesizing module 'fifo_mem' [C:/Users/anshr/Proyecto2a/Camino1a/Microproceador/scr/uart/fifo_mem.sv:3]
	Parameter DataWidth bound to: 8 - type: integer 
	Parameter Depth bound to: 8 - type: integer 
INFO: [Synth 8-6155] done synthesizing module 'fifo_mem' (0#1) [C:/Users/anshr/Proyecto2a/Camino1a/Microproceador/scr/uart/fifo_mem.sv:3]
INFO: [Synth 8-6157] synthesizing module 'fifo_ctrl' [C:/Users/anshr/Proyecto2a/Camino1a/Microproceador/scr/uart/fifo_ctrl.sv:3]
	Parameter DataWidth bound to: 8 - type: integer 
	Parameter Depth bound to: 8 - type: integer 
INFO: [Synth 8-6155] done synthesizing module 'fifo_ctrl' (0#1) [C:/Users/anshr/Proyecto2a/Camino1a/Microproceador/scr/uart/fifo_ctrl.sv:3]
INFO: [Synth 8-6155] done synthesizing module 'fifo' (0#1) [C:/Users/anshr/Proyecto2a/Camino1a/Microproceador/scr/uart/fifo.sv:3]
INFO: [Synth 8-6157] synthesizing module 'uart_tx' [C:/Users/anshr/Proyecto2a/Camino1a/Microproceador/scr/uart/uart_tx.sv:1]
	Parameter SystemClockFreq bound to: 100000000 - type: integer 
	Parameter BaudRate bound to: 9600 - type: integer 
	Parameter DataLength bound to: 8 - type: integer 
	Parameter FlowControl bound to: 1'b0 
INFO: [Synth 8-294] found qualifier unique on case statement: implementing as parallel_case [C:/Users/anshr/Proyecto2a/Camino1a/Microproceador/scr/uart/uart_tx.sv:51]
INFO: [Synth 8-294] found qualifier unique on case statement: implementing as parallel_case [C:/Users/anshr/Proyecto2a/Camino1a/Microproceador/scr/uart/uart_tx.sv:84]
INFO: [Synth 8-6155] done synthesizing module 'uart_tx' (0#1) [C:/Users/anshr/Proyecto2a/Camino1a/Microproceador/scr/uart/uart_tx.sv:1]
INFO: [Synth 8-6157] synthesizing module 'uart_rx' [C:/Users/anshr/Proyecto2a/Camino1a/Microproceador/scr/uart/uart_rx.sv:1]
	Parameter DataLength bound to: 8 - type: integer 
	Parameter SystemClockFreq bound to: 100000000 - type: integer 
	Parameter BaudRate bound to: 9600 - type: integer 
WARNING: [Synth 8-2898] ignoring concurrent assertion [C:/Users/anshr/Proyecto2a/Camino1a/Microproceador/scr/uart/uart_rx.sv:188]
WARNING: [Synth 8-2898] ignoring concurrent assertion [C:/Users/anshr/Proyecto2a/Camino1a/Microproceador/scr/uart/uart_rx.sv:189]
INFO: [Synth 8-294] found qualifier unique on case statement: implementing as parallel_case [C:/Users/anshr/Proyecto2a/Camino1a/Microproceador/scr/uart/uart_rx.sv:69]
INFO: [Synth 8-294] found qualifier unique on case statement: implementing as parallel_case [C:/Users/anshr/Proyecto2a/Camino1a/Microproceador/scr/uart/uart_rx.sv:113]
INFO: [Synth 8-6155] done synthesizing module 'uart_rx' (0#1) [C:/Users/anshr/Proyecto2a/Camino1a/Microproceador/scr/uart/uart_rx.sv:1]
INFO: [Synth 8-6155] done synthesizing module 'uart' (0#1) [C:/Users/anshr/Proyecto2a/Camino1a/Microproceador/scr/uart/uart.sv:3]
INFO: [Synth 8-6155] done synthesizing module 'uart_axi_lite_wrapper' (0#1) [C:/Users/anshr/Proyecto2a/Camino1a/Microproceador/Microproceador.srcs/sources_1/new/uart_axi_lite_wrapper.v:3]
INFO: [Synth 8-6155] done synthesizing module 'top_microprocesador' (0#1) [C:/Users/anshr/Proyecto2a/Camino1a/Microproceador/scr/top/top_microprocesador.v:3]
WARNING: [Synth 8-6014] Unused sequential element mem_la_firstword_reg_reg was removed.  [C:/Users/anshr/Proyecto2a/Camino1a/Microproceador/scr/riscv/picorv32.v:392]
WARNING: [Synth 8-6014] Unused sequential element last_mem_valid_reg was removed.  [C:/Users/anshr/Proyecto2a/Camino1a/Microproceador/scr/riscv/picorv32.v:393]
WARNING: [Synth 8-6014] Unused sequential element next_insn_opcode_reg was removed.  [C:/Users/anshr/Proyecto2a/Camino1a/Microproceador/scr/riscv/picorv32.v:433]
WARNING: [Synth 8-6014] Unused sequential element mem_la_secondword_reg was removed.  [C:/Users/anshr/Proyecto2a/Camino1a/Microproceador/scr/riscv/picorv32.v:571]
WARNING: [Synth 8-6014] Unused sequential element prefetched_high_word_reg was removed.  [C:/Users/anshr/Proyecto2a/Camino1a/Microproceador/scr/riscv/picorv32.v:572]
WARNING: [Synth 8-6014] Unused sequential element q_ascii_instr_reg was removed.  [C:/Users/anshr/Proyecto2a/Camino1a/Microproceador/scr/riscv/picorv32.v:779]
WARNING: [Synth 8-6014] Unused sequential element q_insn_imm_reg was removed.  [C:/Users/anshr/Proyecto2a/Camino1a/Microproceador/scr/riscv/picorv32.v:780]
WARNING: [Synth 8-6014] Unused sequential element q_insn_opcode_reg was removed.  [C:/Users/anshr/Proyecto2a/Camino1a/Microproceador/scr/riscv/picorv32.v:781]
WARNING: [Synth 8-6014] Unused sequential element q_insn_rs1_reg was removed.  [C:/Users/anshr/Proyecto2a/Camino1a/Microproceador/scr/riscv/picorv32.v:782]
WARNING: [Synth 8-6014] Unused sequential element q_insn_rs2_reg was removed.  [C:/Users/anshr/Proyecto2a/Camino1a/Microproceador/scr/riscv/picorv32.v:783]
WARNING: [Synth 8-6014] Unused sequential element q_insn_rd_reg was removed.  [C:/Users/anshr/Proyecto2a/Camino1a/Microproceador/scr/riscv/picorv32.v:784]
WARNING: [Synth 8-6014] Unused sequential element dbg_next_reg was removed.  [C:/Users/anshr/Proyecto2a/Camino1a/Microproceador/scr/riscv/picorv32.v:785]
WARNING: [Synth 8-6014] Unused sequential element dbg_valid_insn_reg was removed.  [C:/Users/anshr/Proyecto2a/Camino1a/Microproceador/scr/riscv/picorv32.v:788]
WARNING: [Synth 8-6014] Unused sequential element cached_ascii_instr_reg was removed.  [C:/Users/anshr/Proyecto2a/Camino1a/Microproceador/scr/riscv/picorv32.v:793]
WARNING: [Synth 8-6014] Unused sequential element cached_insn_imm_reg was removed.  [C:/Users/anshr/Proyecto2a/Camino1a/Microproceador/scr/riscv/picorv32.v:794]
WARNING: [Synth 8-6014] Unused sequential element cached_insn_opcode_reg was removed.  [C:/Users/anshr/Proyecto2a/Camino1a/Microproceador/scr/riscv/picorv32.v:796]
WARNING: [Synth 8-6014] Unused sequential element cached_insn_rs1_reg was removed.  [C:/Users/anshr/Proyecto2a/Camino1a/Microproceador/scr/riscv/picorv32.v:799]
WARNING: [Synth 8-6014] Unused sequential element cached_insn_rs2_reg was removed.  [C:/Users/anshr/Proyecto2a/Camino1a/Microproceador/scr/riscv/picorv32.v:800]
WARNING: [Synth 8-6014] Unused sequential element cached_insn_rd_reg was removed.  [C:/Users/anshr/Proyecto2a/Camino1a/Microproceador/scr/riscv/picorv32.v:801]
WARNING: [Synth 8-6014] Unused sequential element dbg_insn_addr_reg was removed.  [C:/Users/anshr/Proyecto2a/Camino1a/Microproceador/scr/riscv/picorv32.v:805]
WARNING: [Synth 8-6014] Unused sequential element clear_prefetched_high_word_q_reg was removed.  [C:/Users/anshr/Proyecto2a/Camino1a/Microproceador/scr/riscv/picorv32.v:1293]
WARNING: [Synth 8-6014] Unused sequential element set_mem_do_rinst_reg was removed.  [C:/Users/anshr/Proyecto2a/Camino1a/Microproceador/scr/riscv/picorv32.v:1406]
WARNING: [Synth 8-6014] Unused sequential element set_mem_do_rdata_reg was removed.  [C:/Users/anshr/Proyecto2a/Camino1a/Microproceador/scr/riscv/picorv32.v:1407]
WARNING: [Synth 8-6014] Unused sequential element set_mem_do_wdata_reg was removed.  [C:/Users/anshr/Proyecto2a/Camino1a/Microproceador/scr/riscv/picorv32.v:1408]
WARNING: [Synth 8-6014] Unused sequential element alu_out_0_q_reg was removed.  [C:/Users/anshr/Proyecto2a/Camino1a/Microproceador/scr/riscv/picorv32.v:1410]
WARNING: [Synth 8-6014] Unused sequential element alu_wait_reg was removed.  [C:/Users/anshr/Proyecto2a/Camino1a/Microproceador/scr/riscv/picorv32.v:1413]
WARNING: [Synth 8-6014] Unused sequential element alu_wait_2_reg was removed.  [C:/Users/anshr/Proyecto2a/Camino1a/Microproceador/scr/riscv/picorv32.v:1414]
WARNING: [Synth 8-6014] Unused sequential element dbg_rs1val_reg was removed.  [C:/Users/anshr/Proyecto2a/Camino1a/Microproceador/scr/riscv/picorv32.v:1417]
WARNING: [Synth 8-6014] Unused sequential element dbg_rs2val_reg was removed.  [C:/Users/anshr/Proyecto2a/Camino1a/Microproceador/scr/riscv/picorv32.v:1418]
WARNING: [Synth 8-6014] Unused sequential element dbg_rs1val_valid_reg was removed.  [C:/Users/anshr/Proyecto2a/Camino1a/Microproceador/scr/riscv/picorv32.v:1419]
WARNING: [Synth 8-6014] Unused sequential element dbg_rs2val_valid_reg was removed.  [C:/Users/anshr/Proyecto2a/Camino1a/Microproceador/scr/riscv/picorv32.v:1420]
WARNING: [Synth 8-6014] Unused sequential element next_irq_pending_reg was removed.  [C:/Users/anshr/Proyecto2a/Camino1a/Microproceador/scr/riscv/picorv32.v:1440]
WARNING: [Synth 8-6014] Unused sequential element decoder_trigger_q_reg was removed.  [C:/Users/anshr/Proyecto2a/Camino1a/Microproceador/scr/riscv/picorv32.v:1447]
WARNING: [Synth 8-6014] Unused sequential element decoder_pseudo_trigger_q_reg was removed.  [C:/Users/anshr/Proyecto2a/Camino1a/Microproceador/scr/riscv/picorv32.v:1449]
WARNING: [Synth 8-6014] Unused sequential element latched_trace_reg was removed.  [C:/Users/anshr/Proyecto2a/Camino1a/Microproceador/scr/riscv/picorv32.v:1465]
WARNING: [Synth 8-6014] Unused sequential element irq_active_reg was removed.  [C:/Users/anshr/Proyecto2a/Camino1a/Microproceador/scr/riscv/picorv32.v:1471]
WARNING: [Synth 8-6014] Unused sequential element irq_delay_reg was removed.  [C:/Users/anshr/Proyecto2a/Camino1a/Microproceador/scr/riscv/picorv32.v:1472]
WARNING: [Synth 8-6014] Unused sequential element irq_mask_reg was removed.  [C:/Users/anshr/Proyecto2a/Camino1a/Microproceador/scr/riscv/picorv32.v:1473]
WARNING: [Synth 8-6014] Unused sequential element irq_state_reg was removed.  [C:/Users/anshr/Proyecto2a/Camino1a/Microproceador/scr/riscv/picorv32.v:1475]
WARNING: [Synth 8-6014] Unused sequential element timer_reg was removed.  [C:/Users/anshr/Proyecto2a/Camino1a/Microproceador/scr/riscv/picorv32.v:1477]
WARNING: [Synth 8-6014] Unused sequential element current_pc_reg was removed.  [C:/Users/anshr/Proyecto2a/Camino1a/Microproceador/scr/riscv/picorv32.v:1495]
WARNING: [Synth 8-6014] Unused sequential element irq_pending_reg was removed.  [C:/Users/anshr/Proyecto2a/Camino1a/Microproceador/scr/riscv/picorv32.v:1963]
WARNING: [Synth 8-6014] Unused sequential element trace_valid_reg was removed.  [C:/Users/anshr/Proyecto2a/Camino1a/Microproceador/scr/riscv/picorv32.v:1452]
WARNING: [Synth 8-6014] Unused sequential element instr_ecall_ebreak_reg was removed.  [C:/Users/anshr/Proyecto2a/Camino1a/Microproceador/scr/riscv/picorv32.v:1086]
WARNING: [Synth 8-6014] Unused sequential element pcpi_timeout_reg was removed.  [C:/Users/anshr/Proyecto2a/Camino1a/Microproceador/scr/riscv/picorv32.v:1470]
WARNING: [Synth 8-6014] Unused sequential element bit_counter_rst_n_reg was removed.  [C:/Users/anshr/Proyecto2a/Camino1a/Microproceador/scr/uart/uart_rx.sv:114]
WARNING: [Synth 8-6014] Unused sequential element araddr_reg_reg was removed.  [C:/Users/anshr/Proyecto2a/Camino1a/Microproceador/Microproceador.srcs/sources_1/new/uart_axi_lite_wrapper.v:149]
WARNING: [Synth 8-7129] Port i_cts in module uart_tx is either unconnected or has no load
WARNING: [Synth 8-7129] Port s_axi_wdata[31] in module uart_axi_lite_wrapper is either unconnected or has no load
WARNING: [Synth 8-7129] Port s_axi_wdata[30] in module uart_axi_lite_wrapper is either unconnected or has no load
WARNING: [Synth 8-7129] Port s_axi_wdata[29] in module uart_axi_lite_wrapper is either unconnected or has no load
WARNING: [Synth 8-7129] Port s_axi_wdata[28] in module uart_axi_lite_wrapper is either unconnected or has no load
WARNING: [Synth 8-7129] Port s_axi_wdata[27] in module uart_axi_lite_wrapper is either unconnected or has no load
WARNING: [Synth 8-7129] Port s_axi_wdata[26] in module uart_axi_lite_wrapper is either unconnected or has no load
WARNING: [Synth 8-7129] Port s_axi_wdata[25] in module uart_axi_lite_wrapper is either unconnected or has no load
WARNING: [Synth 8-7129] Port s_axi_wdata[24] in module uart_axi_lite_wrapper is either unconnected or has no load
WARNING: [Synth 8-7129] Port s_axi_wdata[23] in module uart_axi_lite_wrapper is either unconnected or has no load
WARNING: [Synth 8-7129] Port s_axi_wdata[22] in module uart_axi_lite_wrapper is either unconnected or has no load
WARNING: [Synth 8-7129] Port s_axi_wdata[21] in module uart_axi_lite_wrapper is either unconnected or has no load
WARNING: [Synth 8-7129] Port s_axi_wdata[20] in module uart_axi_lite_wrapper is either unconnected or has no load
WARNING: [Synth 8-7129] Port s_axi_wdata[19] in module uart_axi_lite_wrapper is either unconnected or has no load
WARNING: [Synth 8-7129] Port s_axi_wdata[18] in module uart_axi_lite_wrapper is either unconnected or has no load
WARNING: [Synth 8-7129] Port s_axi_wdata[17] in module uart_axi_lite_wrapper is either unconnected or has no load
WARNING: [Synth 8-7129] Port s_axi_wdata[16] in module uart_axi_lite_wrapper is either unconnected or has no load
WARNING: [Synth 8-7129] Port s_axi_wdata[15] in module uart_axi_lite_wrapper is either unconnected or has no load
WARNING: [Synth 8-7129] Port s_axi_wdata[14] in module uart_axi_lite_wrapper is either unconnected or has no load
WARNING: [Synth 8-7129] Port s_axi_wdata[13] in module uart_axi_lite_wrapper is either unconnected or has no load
WARNING: [Synth 8-7129] Port s_axi_wdata[12] in module uart_axi_lite_wrapper is either unconnected or has no load
WARNING: [Synth 8-7129] Port s_axi_wdata[11] in module uart_axi_lite_wrapper is either unconnected or has no load
WARNING: [Synth 8-7129] Port s_axi_wdata[10] in module uart_axi_lite_wrapper is either unconnected or has no load
WARNING: [Synth 8-7129] Port s_axi_wdata[9] in module uart_axi_lite_wrapper is either unconnected or has no load
WARNING: [Synth 8-7129] Port s_axi_wdata[8] in module uart_axi_lite_wrapper is either unconnected or has no load
WARNING: [Synth 8-7129] Port s_axi_wstrb[3] in module uart_axi_lite_wrapper is either unconnected or has no load
WARNING: [Synth 8-7129] Port s_axi_wstrb[2] in module uart_axi_lite_wrapper is either unconnected or has no load
WARNING: [Synth 8-7129] Port s_axi_wstrb[1] in module uart_axi_lite_wrapper is either unconnected or has no load
WARNING: [Synth 8-7129] Port s_axi_wstrb[0] in module uart_axi_lite_wrapper is either unconnected or has no load
WARNING: [Synth 8-7129] Port s_axi_araddr[31] in module uart_axi_lite_wrapper is either unconnected or has no load
WARNING: [Synth 8-7129] Port s_axi_araddr[30] in module uart_axi_lite_wrapper is either unconnected or has no load
WARNING: [Synth 8-7129] Port s_axi_araddr[29] in module uart_axi_lite_wrapper is either unconnected or has no load
WARNING: [Synth 8-7129] Port s_axi_araddr[28] in module uart_axi_lite_wrapper is either unconnected or has no load
WARNING: [Synth 8-7129] Port s_axi_araddr[27] in module uart_axi_lite_wrapper is either unconnected or has no load
WARNING: [Synth 8-7129] Port s_axi_araddr[26] in module uart_axi_lite_wrapper is either unconnected or has no load
WARNING: [Synth 8-7129] Port s_axi_araddr[25] in module uart_axi_lite_wrapper is either unconnected or has no load
WARNING: [Synth 8-7129] Port s_axi_araddr[24] in module uart_axi_lite_wrapper is either unconnected or has no load
WARNING: [Synth 8-7129] Port s_axi_araddr[23] in module uart_axi_lite_wrapper is either unconnected or has no load
WARNING: [Synth 8-7129] Port s_axi_araddr[22] in module uart_axi_lite_wrapper is either unconnected or has no load
WARNING: [Synth 8-7129] Port s_axi_araddr[21] in module uart_axi_lite_wrapper is either unconnected or has no load
WARNING: [Synth 8-7129] Port s_axi_araddr[20] in module uart_axi_lite_wrapper is either unconnected or has no load
WARNING: [Synth 8-7129] Port s_axi_araddr[19] in module uart_axi_lite_wrapper is either unconnected or has no load
WARNING: [Synth 8-7129] Port s_axi_araddr[18] in module uart_axi_lite_wrapper is either unconnected or has no load
WARNING: [Synth 8-7129] Port s_axi_araddr[17] in module uart_axi_lite_wrapper is either unconnected or has no load
WARNING: [Synth 8-7129] Port s_axi_araddr[16] in module uart_axi_lite_wrapper is either unconnected or has no load
WARNING: [Synth 8-7129] Port s_axi_araddr[15] in module uart_axi_lite_wrapper is either unconnected or has no load
WARNING: [Synth 8-7129] Port s_axi_araddr[14] in module uart_axi_lite_wrapper is either unconnected or has no load
WARNING: [Synth 8-7129] Port s_axi_araddr[13] in module uart_axi_lite_wrapper is either unconnected or has no load
WARNING: [Synth 8-7129] Port s_axi_araddr[12] in module uart_axi_lite_wrapper is either unconnected or has no load
WARNING: [Synth 8-7129] Port s_axi_araddr[11] in module uart_axi_lite_wrapper is either unconnected or has no load
WARNING: [Synth 8-7129] Port s_axi_araddr[10] in module uart_axi_lite_wrapper is either unconnected or has no load
WARNING: [Synth 8-7129] Port s_axi_araddr[9] in module uart_axi_lite_wrapper is either unconnected or has no load
WARNING: [Synth 8-7129] Port s_axi_araddr[8] in module uart_axi_lite_wrapper is either unconnected or has no load
WARNING: [Synth 8-7129] Port s_axi_araddr[7] in module uart_axi_lite_wrapper is either unconnected or has no load
WARNING: [Synth 8-7129] Port s_axi_araddr[6] in module uart_axi_lite_wrapper is either unconnected or has no load
WARNING: [Synth 8-7129] Port mem_instr in module picorv32_to_axilite_master is either unconnected or has no load
WARNING: [Synth 8-7129] Port M_AXI_BRESP[1] in module picorv32_to_axilite_master is either unconnected or has no load
WARNING: [Synth 8-7129] Port M_AXI_BRESP[0] in module picorv32_to_axilite_master is either unconnected or has no load
WARNING: [Synth 8-7129] Port M_AXI_RRESP[1] in module picorv32_to_axilite_master is either unconnected or has no load
WARNING: [Synth 8-7129] Port M_AXI_RRESP[0] in module picorv32_to_axilite_master is either unconnected or has no load
WARNING: [Synth 8-7129] Port pcpi_wr in module picorv32 is either unconnected or has no load
WARNING: [Synth 8-7129] Port pcpi_rd[31] in module picorv32 is either unconnected or has no load
WARNING: [Synth 8-7129] Port pcpi_rd[30] in module picorv32 is either unconnected or has no load
WARNING: [Synth 8-7129] Port pcpi_rd[29] in module picorv32 is either unconnected or has no load
WARNING: [Synth 8-7129] Port pcpi_rd[28] in module picorv32 is either unconnected or has no load
WARNING: [Synth 8-7129] Port pcpi_rd[27] in module picorv32 is either unconnected or has no load
WARNING: [Synth 8-7129] Port pcpi_rd[26] in module picorv32 is either unconnected or has no load
WARNING: [Synth 8-7129] Port pcpi_rd[25] in module picorv32 is either unconnected or has no load
WARNING: [Synth 8-7129] Port pcpi_rd[24] in module picorv32 is either unconnected or has no load
WARNING: [Synth 8-7129] Port pcpi_rd[23] in module picorv32 is either unconnected or has no load
WARNING: [Synth 8-7129] Port pcpi_rd[22] in module picorv32 is either unconnected or has no load
WARNING: [Synth 8-7129] Port pcpi_rd[21] in module picorv32 is either unconnected or has no load
WARNING: [Synth 8-7129] Port pcpi_rd[20] in module picorv32 is either unconnected or has no load
WARNING: [Synth 8-7129] Port pcpi_rd[19] in module picorv32 is either unconnected or has no load
WARNING: [Synth 8-7129] Port pcpi_rd[18] in module picorv32 is either unconnected or has no load
WARNING: [Synth 8-7129] Port pcpi_rd[17] in module picorv32 is either unconnected or has no load
WARNING: [Synth 8-7129] Port pcpi_rd[16] in module picorv32 is either unconnected or has no load
WARNING: [Synth 8-7129] Port pcpi_rd[15] in module picorv32 is either unconnected or has no load
WARNING: [Synth 8-7129] Port pcpi_rd[14] in module picorv32 is either unconnected or has no load
WARNING: [Synth 8-7129] Port pcpi_rd[13] in module picorv32 is either unconnected or has no load
WARNING: [Synth 8-7129] Port pcpi_rd[12] in module picorv32 is either unconnected or has no load
WARNING: [Synth 8-7129] Port pcpi_rd[11] in module picorv32 is either unconnected or has no load
WARNING: [Synth 8-7129] Port pcpi_rd[10] in module picorv32 is either unconnected or has no load
WARNING: [Synth 8-7129] Port pcpi_rd[9] in module picorv32 is either unconnected or has no load
WARNING: [Synth 8-7129] Port pcpi_rd[8] in module picorv32 is either unconnected or has no load
WARNING: [Synth 8-7129] Port pcpi_rd[7] in module picorv32 is either unconnected or has no load
WARNING: [Synth 8-7129] Port pcpi_rd[6] in module picorv32 is either unconnected or has no load
WARNING: [Synth 8-7129] Port pcpi_rd[5] in module picorv32 is either unconnected or has no load
WARNING: [Synth 8-7129] Port pcpi_rd[4] in module picorv32 is either unconnected or has no load
WARNING: [Synth 8-7129] Port pcpi_rd[3] in module picorv32 is either unconnected or has no load
WARNING: [Synth 8-7129] Port pcpi_rd[2] in module picorv32 is either unconnected or has no load
WARNING: [Synth 8-7129] Port pcpi_rd[1] in module picorv32 is either unconnected or has no load
WARNING: [Synth 8-7129] Port pcpi_rd[0] in module picorv32 is either unconnected or has no load
WARNING: [Synth 8-7129] Port pcpi_wait in module picorv32 is either unconnected or has no load
WARNING: [Synth 8-7129] Port pcpi_ready in module picorv32 is either unconnected or has no load
WARNING: [Synth 8-7129] Port irq[31] in module picorv32 is either unconnected or has no load
WARNING: [Synth 8-7129] Port irq[30] in module picorv32 is either unconnected or has no load
WARNING: [Synth 8-7129] Port irq[29] in module picorv32 is either unconnected or has no load
WARNING: [Synth 8-7129] Port irq[28] in module picorv32 is either unconnected or has no load
WARNING: [Synth 8-7129] Port irq[27] in module picorv32 is either unconnected or has no load
INFO: [Common 17-14] Message 'Synth 8-7129' appears 100 times and further instances of the messages will be disabled. Use the Tcl command set_msg_config to change the current settings.
---------------------------------------------------------------------------------
Finished RTL Elaboration : Time (s): cpu = 00:00:08 ; elapsed = 00:00:11 . Memory (MB): peak = 1150.348 ; gain = 595.770
---------------------------------------------------------------------------------
---------------------------------------------------------------------------------
Start Handling Custom Attributes
---------------------------------------------------------------------------------
---------------------------------------------------------------------------------
Finished Handling Custom Attributes : Time (s): cpu = 00:00:08 ; elapsed = 00:00:11 . Memory (MB): peak = 1150.348 ; gain = 595.770
---------------------------------------------------------------------------------
---------------------------------------------------------------------------------
Finished RTL Optimization Phase 1 : Time (s): cpu = 00:00:08 ; elapsed = 00:00:11 . Memory (MB): peak = 1150.348 ; gain = 595.770
---------------------------------------------------------------------------------
Netlist sorting complete. Time (s): cpu = 00:00:00 ; elapsed = 00:00:00.035 . Memory (MB): peak = 1150.348 ; gain = 0.000
INFO: [Project 1-570] Preparing netlist for logic optimization

Processing XDC Constraints
Initializing timing engine
Parsing XDC File [c:/Users/anshr/Proyecto2a/Camino1a/Microproceador/Microproceador.gen/sources_1/ip/blk_mem_gen_0/blk_mem_gen_0/blk_mem_gen_0_in_context.xdc] for cell 'rom'
Finished Parsing XDC File [c:/Users/anshr/Proyecto2a/Camino1a/Microproceador/Microproceador.gen/sources_1/ip/blk_mem_gen_0/blk_mem_gen_0/blk_mem_gen_0_in_context.xdc] for cell 'rom'
Parsing XDC File [c:/Users/anshr/Proyecto2a/Camino1a/Microproceador/Microproceador.gen/sources_1/ip/blk_mem_gen_1/blk_mem_gen_1/blk_mem_gen_1_in_context.xdc] for cell 'ram'
Finished Parsing XDC File [c:/Users/anshr/Proyecto2a/Camino1a/Microproceador/Microproceador.gen/sources_1/ip/blk_mem_gen_1/blk_mem_gen_1/blk_mem_gen_1_in_context.xdc] for cell 'ram'
Parsing XDC File [c:/Users/anshr/Proyecto2a/Camino1a/Microproceador/Microproceador.gen/sources_1/ip/clk_wiz_0/clk_wiz_0/clk_wiz_0_in_context.xdc] for cell 'clk_inst'
Finished Parsing XDC File [c:/Users/anshr/Proyecto2a/Camino1a/Microproceador/Microproceador.gen/sources_1/ip/clk_wiz_0/clk_wiz_0/clk_wiz_0_in_context.xdc] for cell 'clk_inst'
Parsing XDC File [C:/Users/anshr/Proyecto2a/Camino1a/Microproceador/Microproceador.srcs/constrs_1/new/ConstrainsM.xdc]
Finished Parsing XDC File [C:/Users/anshr/Proyecto2a/Camino1a/Microproceador/Microproceador.srcs/constrs_1/new/ConstrainsM.xdc]
INFO: [Project 1-236] Implementation specific constraints were found while reading constraint file [C:/Users/anshr/Proyecto2a/Camino1a/Microproceador/Microproceador.srcs/constrs_1/new/ConstrainsM.xdc]. These constraints will be ignored for synthesis but will be used in implementation. Impacted constraints are listed in the file [.Xil/top_microprocesador_propImpl.xdc].
Resolution: To avoid this warning, move constraints listed in [.Xil/top_microprocesador_propImpl.xdc] to another XDC file and exclude this new file from synthesis with the used_in_synthesis property (File Properties dialog in GUI) and re-run elaboration/synthesis.
Completed Processing XDC Constraints

Netlist sorting complete. Time (s): cpu = 00:00:00 ; elapsed = 00:00:00.001 . Memory (MB): peak = 1238.613 ; gain = 0.000
INFO: [Project 1-111] Unisim Transformation Summary:
No Unisim elements were transformed.

Constraint Validation Runtime : Time (s): cpu = 00:00:00 ; elapsed = 00:00:00.018 . Memory (MB): peak = 1238.613 ; gain = 0.000
WARNING: [Timing 38-316] Clock period '20.000' specified during out-of-context synthesis of instance 'ram' at clock pin 's_aclk' is different from the actual clock period '10.000', this can lead to different synthesis results.
WARNING: [Timing 38-316] Clock period '20.000' specified during out-of-context synthesis of instance 'rom' at clock pin 's_aclk' is different from the actual clock period '10.000', this can lead to different synthesis results.
INFO: [Designutils 20-5440] No compile time benefit to using incremental synthesis; A full resynthesis will be run
INFO: [Designutils 20-4379] Flow is switching to default flow due to incremental criteria not met. If you would like to alter this behaviour and have the flow terminate instead, please set the following parameter config_implementation {autoIncr.Synth.RejectBehavior Terminate}
---------------------------------------------------------------------------------
Finished Constraint Validation : Time (s): cpu = 00:00:21 ; elapsed = 00:00:25 . Memory (MB): peak = 1240.344 ; gain = 685.766
---------------------------------------------------------------------------------
---------------------------------------------------------------------------------
Start Loading Part and Timing Information
---------------------------------------------------------------------------------
Loading part: xc7a100tcsg324-1
---------------------------------------------------------------------------------
Finished Loading Part and Timing Information : Time (s): cpu = 00:00:21 ; elapsed = 00:00:26 . Memory (MB): peak = 1240.344 ; gain = 685.766
---------------------------------------------------------------------------------
---------------------------------------------------------------------------------
Start Applying 'set_property' XDC Constraints
---------------------------------------------------------------------------------
Applied set_property IO_BUFFER_TYPE = NONE for CLK100MHZ. (constraint file  c:/Users/anshr/Proyecto2a/Camino1a/Microproceador/Microproceador.gen/sources_1/ip/clk_wiz_0/clk_wiz_0/clk_wiz_0_in_context.xdc, line 3).
Applied set_property CLOCK_BUFFER_TYPE = NONE for CLK100MHZ. (constraint file  c:/Users/anshr/Proyecto2a/Camino1a/Microproceador/Microproceador.gen/sources_1/ip/clk_wiz_0/clk_wiz_0/clk_wiz_0_in_context.xdc, line 4).
Applied set_property KEEP_HIERARCHY = SOFT for rom. (constraint file  auto generated constraint).
Applied set_property KEEP_HIERARCHY = SOFT for ram. (constraint file  auto generated constraint).
Applied set_property KEEP_HIERARCHY = SOFT for clk_inst. (constraint file  auto generated constraint).
---------------------------------------------------------------------------------
Finished applying 'set_property' XDC Constraints : Time (s): cpu = 00:00:21 ; elapsed = 00:00:26 . Memory (MB): peak = 1240.344 ; gain = 685.766
---------------------------------------------------------------------------------
INFO: [Synth 8-802] inferred FSM for state register 'mem_state_reg' in module 'picorv32'
INFO: [Synth 8-802] inferred FSM for state register 'state_reg' in module 'picorv32_to_axilite_master'
INFO: [Synth 8-802] inferred FSM for state register 'curr_state_reg' in module 'uart_tx'
INFO: [Synth 8-802] inferred FSM for state register 'curr_state_reg' in module 'uart_rx'
---------------------------------------------------------------------------------------------------
                   State |                     New Encoding |                Previous Encoding 
---------------------------------------------------------------------------------------------------
                 iSTATE2 |                               00 |                               00
                 iSTATE0 |                               01 |                               10
                  iSTATE |                               10 |                               01
                 iSTATE1 |                               11 |                               11
---------------------------------------------------------------------------------------------------
INFO: [Synth 8-3354] encoded FSM with state register 'mem_state_reg' using encoding 'sequential' in module 'picorv32'
---------------------------------------------------------------------------------------------------
                   State |                     New Encoding |                Previous Encoding 
---------------------------------------------------------------------------------------------------
                 ST_IDLE |                              000 |                              000
            ST_READ_ADDR |                              001 |                              001
            ST_READ_DATA |                              010 |                              010
           ST_WRITE_ADDR |                              011 |                              011
           ST_WRITE_RESP |                              100 |                              100
                 ST_DONE |                              101 |                              101
---------------------------------------------------------------------------------------------------
INFO: [Synth 8-3354] encoded FSM with state register 'state_reg' using encoding 'sequential' in module 'picorv32_to_axilite_master'
---------------------------------------------------------------------------------------------------
                   State |                     New Encoding |                Previous Encoding 
---------------------------------------------------------------------------------------------------
                   RESET |                           000001 |                              000
                    WAIT |                           000010 |                              001
                   START |                           000100 |                              010
                    DATA |                           001000 |                              011
                    STOP |                           010000 |                              101
                    DONE |                           100000 |                              110
---------------------------------------------------------------------------------------------------
INFO: [Synth 8-3354] encoded FSM with state register 'curr_state_reg' using encoding 'one-hot' in module 'uart_tx'
---------------------------------------------------------------------------------------------------
                   State |                     New Encoding |                Previous Encoding 
---------------------------------------------------------------------------------------------------
                   RESET |                          0000001 |                              000
                    WAIT |                          0000010 |                              001
                   START |                          0000100 |                              010
                    LOAD |                          0001000 |                              011
                    STOP |                          0010000 |                              101
                   READY |                          0100000 |                              110
                   ERROR |                          1000000 |                              111
---------------------------------------------------------------------------------------------------
INFO: [Synth 8-3354] encoded FSM with state register 'curr_state_reg' using encoding 'one-hot' in module 'uart_rx'
---------------------------------------------------------------------------------
Finished RTL Optimization Phase 2 : Time (s): cpu = 00:00:22 ; elapsed = 00:00:27 . Memory (MB): peak = 1240.344 ; gain = 685.766
---------------------------------------------------------------------------------
---------------------------------------------------------------------------------
Start RTL Component Statistics 
---------------------------------------------------------------------------------
Detailed RTL Component Info : 
+---Adders : 
	   2 Input   32 Bit       Adders := 7     
	   3 Input   32 Bit       Adders := 1     
	   2 Input   14 Bit       Adders := 1     
	   2 Input    5 Bit       Adders := 1     
	   2 Input    4 Bit       Adders := 4     
	   2 Input    3 Bit       Adders := 2     
+---XORs : 
	   2 Input     32 Bit         XORs := 1     
+---Registers : 
	               36 Bit    Registers := 1     
	               32 Bit    Registers := 19    
	               14 Bit    Registers := 1     
	                8 Bit    Registers := 3     
	                5 Bit    Registers := 6     
	                4 Bit    Registers := 6     
	                3 Bit    Registers := 5     
	                2 Bit    Registers := 5     
	                1 Bit    Registers := 96    
+---RAMs : 
	             1024 Bit	(32 X 32 bit)          RAMs := 1     
+---Muxes : 
	   2 Input   32 Bit        Muxes := 25    
	   6 Input   32 Bit        Muxes := 1     
	   5 Input   32 Bit        Muxes := 1     
	   4 Input   32 Bit        Muxes := 6     
	   3 Input   32 Bit        Muxes := 3     
	   2 Input   16 Bit        Muxes := 1     
	   2 Input   14 Bit        Muxes := 1     
	   4 Input    8 Bit        Muxes := 1     
	   7 Input    8 Bit        Muxes := 1     
	   2 Input    8 Bit        Muxes := 1     
	   7 Input    7 Bit        Muxes := 1     
	   2 Input    7 Bit        Muxes := 6     
	   6 Input    6 Bit        Muxes := 1     
	   2 Input    6 Bit        Muxes := 4     
	   5 Input    4 Bit        Muxes := 1     
	   2 Input    4 Bit        Muxes := 1     
	   4 Input    4 Bit        Muxes := 1     
	   3 Input    4 Bit        Muxes := 1     
	   2 Input    3 Bit        Muxes := 8     
	   6 Input    3 Bit        Muxes := 5     
	   3 Input    3 Bit        Muxes := 1     
	   7 Input    3 Bit        Muxes := 1     
	   4 Input    2 Bit        Muxes := 1     
	   2 Input    2 Bit        Muxes := 4     
	   3 Input    2 Bit        Muxes := 5     
	   2 Input    1 Bit        Muxes := 33    
	   7 Input    1 Bit        Muxes := 7     
	   3 Input    1 Bit        Muxes := 5     
	   4 Input    1 Bit        Muxes := 7     
	   6 Input    1 Bit        Muxes := 14    
	   8 Input    1 Bit        Muxes := 4     
---------------------------------------------------------------------------------
Finished RTL Component Statistics 
---------------------------------------------------------------------------------
---------------------------------------------------------------------------------
Start Part Resource Summary
---------------------------------------------------------------------------------
Part Resources:
DSPs: 240 (col length:80)
BRAMs: 270 (col length: RAMB18 80 RAMB36 40)
---------------------------------------------------------------------------------
Finished Part Resource Summary
---------------------------------------------------------------------------------
---------------------------------------------------------------------------------
Start Cross Boundary and Area Optimization
---------------------------------------------------------------------------------
WARNING: [Synth 8-7080] Parallel synthesis criteria is not met
---------------------------------------------------------------------------------
Finished Cross Boundary and Area Optimization : Time (s): cpu = 00:00:32 ; elapsed = 00:00:39 . Memory (MB): peak = 1287.879 ; gain = 733.301
---------------------------------------------------------------------------------
---------------------------------------------------------------------------------
Start ROM, RAM, DSP, Shift Register and Retiming Reporting
---------------------------------------------------------------------------------

Distributed RAM: Preliminary Mapping Report (see note below)
+--------------------+------------------------------------------------+-----------+----------------------+--------------+
|Module Name         | RTL Object                                     | Inference | Size (Depth x Width) | Primitives   | 
+--------------------+------------------------------------------------+-----------+----------------------+--------------+
|cpu                 | cpuregs_reg                                    | Implied   | 32 x 32              | RAM32M x 12  | 
|top_microprocesador | uart_axi/uart_inst/fifo_rx/fifo_mem/memory_reg | Implied   | 8 x 8                | RAM32M x 2   | 
|top_microprocesador | uart_axi/uart_inst/fifo_tx/fifo_mem/memory_reg | Implied   | 8 x 8                | RAM32M x 2   | 
+--------------------+------------------------------------------------+-----------+----------------------+--------------+

Note: The table above is a preliminary report that shows the Distributed RAMs at the current stage of the synthesis flow. Some Distributed RAMs may be reimplemented as non Distributed RAM primitives later in the synthesis flow. Multiple instantiated RAMs are reported only once.
---------------------------------------------------------------------------------
Finished ROM, RAM, DSP, Shift Register and Retiming Reporting
---------------------------------------------------------------------------------
---------------------------------------------------------------------------------
Start Applying XDC Timing Constraints
---------------------------------------------------------------------------------
---------------------------------------------------------------------------------
Finished Applying XDC Timing Constraints : Time (s): cpu = 00:00:38 ; elapsed = 00:00:46 . Memory (MB): peak = 1358.109 ; gain = 803.531
---------------------------------------------------------------------------------
---------------------------------------------------------------------------------
Start Timing Optimization
---------------------------------------------------------------------------------
---------------------------------------------------------------------------------
Finished Timing Optimization : Time (s): cpu = 00:00:42 ; elapsed = 00:00:50 . Memory (MB): peak = 1422.273 ; gain = 867.695
---------------------------------------------------------------------------------
---------------------------------------------------------------------------------
Start ROM, RAM, DSP, Shift Register and Retiming Reporting
---------------------------------------------------------------------------------

Distributed RAM: Final Mapping Report
+--------------------+------------------------------------------------+-----------+----------------------+--------------+
|Module Name         | RTL Object                                     | Inference | Size (Depth x Width) | Primitives   | 
+--------------------+------------------------------------------------+-----------+----------------------+--------------+
|cpu                 | cpuregs_reg                                    | Implied   | 32 x 32              | RAM32M x 12  | 
|top_microprocesador | uart_axi/uart_inst/fifo_rx/fifo_mem/memory_reg | Implied   | 8 x 8                | RAM32M x 2   | 
|top_microprocesador | uart_axi/uart_inst/fifo_tx/fifo_mem/memory_reg | Implied   | 8 x 8                | RAM32M x 2   | 
+--------------------+------------------------------------------------+-----------+----------------------+--------------+

---------------------------------------------------------------------------------
Finished ROM, RAM, DSP, Shift Register and Retiming Reporting
---------------------------------------------------------------------------------
---------------------------------------------------------------------------------
Start Technology Mapping
---------------------------------------------------------------------------------
---------------------------------------------------------------------------------
Finished Technology Mapping : Time (s): cpu = 00:00:43 ; elapsed = 00:00:51 . Memory (MB): peak = 1440.332 ; gain = 885.754
---------------------------------------------------------------------------------
---------------------------------------------------------------------------------
Start IO Insertion
---------------------------------------------------------------------------------
---------------------------------------------------------------------------------
Start Flattening Before IO Insertion
---------------------------------------------------------------------------------
---------------------------------------------------------------------------------
Finished Flattening Before IO Insertion
---------------------------------------------------------------------------------
---------------------------------------------------------------------------------
Start Final Netlist Cleanup
---------------------------------------------------------------------------------
---------------------------------------------------------------------------------
Finished Final Netlist Cleanup
---------------------------------------------------------------------------------
---------------------------------------------------------------------------------
Finished IO Insertion : Time (s): cpu = 00:00:48 ; elapsed = 00:00:57 . Memory (MB): peak = 1601.941 ; gain = 1047.363
---------------------------------------------------------------------------------
---------------------------------------------------------------------------------
Start Renaming Generated Instances
---------------------------------------------------------------------------------
---------------------------------------------------------------------------------
Finished Renaming Generated Instances : Time (s): cpu = 00:00:48 ; elapsed = 00:00:57 . Memory (MB): peak = 1601.941 ; gain = 1047.363
---------------------------------------------------------------------------------
---------------------------------------------------------------------------------
Start Rebuilding User Hierarchy
---------------------------------------------------------------------------------
---------------------------------------------------------------------------------
Finished Rebuilding User Hierarchy : Time (s): cpu = 00:00:48 ; elapsed = 00:00:57 . Memory (MB): peak = 1601.941 ; gain = 1047.363
---------------------------------------------------------------------------------
---------------------------------------------------------------------------------
Start Renaming Generated Ports
---------------------------------------------------------------------------------
---------------------------------------------------------------------------------
Finished Renaming Generated Ports : Time (s): cpu = 00:00:48 ; elapsed = 00:00:57 . Memory (MB): peak = 1601.941 ; gain = 1047.363
---------------------------------------------------------------------------------
---------------------------------------------------------------------------------
Start Handling Custom Attributes
---------------------------------------------------------------------------------
---------------------------------------------------------------------------------
Finished Handling Custom Attributes : Time (s): cpu = 00:00:48 ; elapsed = 00:00:57 . Memory (MB): peak = 1601.941 ; gain = 1047.363
---------------------------------------------------------------------------------
---------------------------------------------------------------------------------
Start Renaming Generated Nets
---------------------------------------------------------------------------------
---------------------------------------------------------------------------------
Finished Renaming Generated Nets : Time (s): cpu = 00:00:48 ; elapsed = 00:00:57 . Memory (MB): peak = 1601.941 ; gain = 1047.363
---------------------------------------------------------------------------------
---------------------------------------------------------------------------------
Start Writing Synthesis Report
---------------------------------------------------------------------------------

Report BlackBoxes: 
+------+--------------+----------+
|      |BlackBox name |Instances |
+------+--------------+----------+
|1     |clk_wiz_0     |         1|
|2     |blk_mem_gen_0 |         1|
|3     |blk_mem_gen_1 |         1|
+------+--------------+----------+

Report Cell Usage: 
+------+------------+------+
|      |Cell        |Count |
+------+------------+------+
|1     |blk_mem_gen |     2|
|3     |clk_wiz     |     1|
|4     |CARRY4      |    92|
|5     |LUT1        |    11|
|6     |LUT2        |   101|
|7     |LUT3        |   100|
|8     |LUT4        |   370|
|9     |LUT5        |   165|
|10    |LUT6        |   421|
|11    |MUXF7       |     1|
|12    |RAM32M      |    12|
|13    |RAM32X1D    |     8|
|14    |FDCE        |   207|
|15    |FDPE        |     7|
|16    |FDRE        |   587|
|17    |FDSE        |    21|
|18    |IBUF        |     2|
|19    |OBUF        |     1|
+------+------------+------+
---------------------------------------------------------------------------------
Finished Writing Synthesis Report : Time (s): cpu = 00:00:48 ; elapsed = 00:00:57 . Memory (MB): peak = 1601.941 ; gain = 1047.363
---------------------------------------------------------------------------------
Synthesis finished with 0 errors, 0 critical warnings and 69 warnings.
Synthesis Optimization Runtime : Time (s): cpu = 00:00:36 ; elapsed = 00:00:53 . Memory (MB): peak = 1601.941 ; gain = 957.367
Synthesis Optimization Complete : Time (s): cpu = 00:00:48 ; elapsed = 00:00:57 . Memory (MB): peak = 1601.941 ; gain = 1047.363
INFO: [Project 1-571] Translating synthesized netlist
Netlist sorting complete. Time (s): cpu = 00:00:00 ; elapsed = 00:00:00.029 . Memory (MB): peak = 1611.156 ; gain = 0.000
INFO: [Netlist 29-17] Analyzing 113 Unisim elements for replacement
INFO: [Netlist 29-28] Unisim Transformation completed in 0 CPU seconds
INFO: [Project 1-570] Preparing netlist for logic optimization
INFO: [Opt 31-138] Pushed 0 inverter(s) to 0 load pin(s).
Netlist sorting complete. Time (s): cpu = 00:00:00 ; elapsed = 00:00:00.001 . Memory (MB): peak = 1614.777 ; gain = 0.000
INFO: [Project 1-111] Unisim Transformation Summary:
  A total of 20 instances were transformed.
  RAM32M => RAM32M (RAMD32(x6), RAMS32(x2)): 12 instances
  RAM32X1D => RAM32X1D (RAMD32(x2)): 8 instances

Synth Design complete | Checksum: d6d4510e
INFO: [Common 17-83] Releasing license: Synthesis
62 Infos, 182 Warnings, 0 Critical Warnings and 0 Errors encountered.
synth_design completed successfully
synth_design: Time (s): cpu = 00:00:54 ; elapsed = 00:01:19 . Memory (MB): peak = 1614.777 ; gain = 1268.246
Write ShapeDB Complete: Time (s): cpu = 00:00:00 ; elapsed = 00:00:00.012 . Memory (MB): peak = 1614.777 ; gain = 0.000
INFO: [Common 17-1381] The checkpoint 'C:/Users/anshr/Proyecto2a/Camino1a/Microproceador/Microproceador.runs/synth_1/top_microprocesador.dcp' has been generated.
INFO: [Vivado 12-24828] Executing command : report_utilization -file top_microprocesador_utilization_synth.rpt -pb top_microprocesador_utilization_synth.pb
INFO: [Common 17-206] Exiting Vivado at Tue Apr 21 11:25:54 2026...
