Copyright 1986-2022 Xilinx, Inc. All Rights Reserved. Copyright 2022-2024 Advanced Micro Devices, Inc. All Rights Reserved.
---------------------------------------------------------------------------------------------------------------------------------------------
| Tool Version : Vivado v.2024.2 (win64) Build 5239630 Fri Nov 08 22:35:27 MST 2024
| Date         : Sat May 16 12:01:26 2026
| Host         : ASHG running 64-bit major release  (build 9200)
| Command      : report_control_sets -verbose -file top_microprocesador_control_sets_placed.rpt
| Design       : top_microprocesador
| Device       : xc7a100t
---------------------------------------------------------------------------------------------------------------------------------------------

Control Set Information

Table of Contents
-----------------
1. Summary
2. Histogram
3. Flip-Flop Distribution
4. Detailed Control Set Information

1. Summary
----------

+----------------------------------------------------------+-------+
|                          Status                          | Count |
+----------------------------------------------------------+-------+
| Total control sets                                       |    42 |
|    Minimum number of control sets                        |    42 |
|    Addition due to synthesis replication                 |     0 |
|    Addition due to physical synthesis replication        |     0 |
| Unused register locations in slices containing registers |   110 |
+----------------------------------------------------------+-------+
* Control sets can be merged at opt_design using control_set_merge or merge_equivalent_drivers
** Run report_qor_suggestions for automated merging and remapping suggestions


2. Histogram
------------

+--------------------+-------+
|       Fanout       | Count |
+--------------------+-------+
| Total control sets |    42 |
| >= 0 to < 4        |     5 |
| >= 4 to < 6        |     8 |
| >= 6 to < 8        |     2 |
| >= 8 to < 10       |     5 |
| >= 10 to < 12      |     1 |
| >= 12 to < 14      |     3 |
| >= 14 to < 16      |     1 |
| >= 16              |    17 |
+--------------------+-------+
* Control sets can be remapped at either synth_design or opt_design


3. Flip-Flop Distribution
-------------------------

+--------------+-----------------------+------------------------+-----------------+--------------+
| Clock Enable | Synchronous Set/Reset | Asynchronous Set/Reset | Total Registers | Total Slices |
+--------------+-----------------------+------------------------+-----------------+--------------+
| No           | No                    | No                     |             109 |           62 |
| No           | No                    | Yes                    |              40 |           15 |
| No           | Yes                   | No                     |              96 |           32 |
| Yes          | No                    | No                     |             243 |           82 |
| Yes          | No                    | Yes                    |              40 |           14 |
| Yes          | Yes                   | No                     |             298 |           98 |
+--------------+-----------------------+------------------------+-----------------+--------------+


4. Detailed Control Set Information
-----------------------------------

+-------------------------+-----------------------------------------------------+------------------------------------------+------------------+----------------+--------------+
|       Clock Signal      |                    Enable Signal                    |             Set/Reset Signal             | Slice Load Count | Bel Load Count | Bels / Slice |
+-------------------------+-----------------------------------------------------+------------------------------------------+------------------+----------------+--------------+
|  clk_inst/inst/clk_out1 | spi_adxl362_inst/spi_cs_n_i_1_n_0                   | cpu/sys_reset                            |                1 |              1 |         1.00 |
|  clk_inst/inst/clk_out1 | spi_adxl362_inst/spi_mosi_i_1_n_0                   | cpu/sys_reset                            |                1 |              1 |         1.00 |
|  clk_inst/inst/clk_out1 | spi_adxl362_inst/rx7[0]_i_1_n_0                     |                                          |                1 |              1 |         1.00 |
|  clk_inst/inst/clk_out1 | spi_adxl362_inst/rx3[0]_i_1_n_0                     |                                          |                1 |              1 |         1.00 |
|  clk_inst/inst/clk_out1 | spi_adxl362_inst/rx5[0]_i_1_n_0                     |                                          |                1 |              1 |         1.00 |
|  clk_inst/inst/clk_out1 | uart_inst/uart_tx/FSM_onehot_curr_state_reg[3]_0[0] | cpu/sys_reset                            |                2 |              4 |         2.00 |
|  clk_inst/inst/clk_out1 | cpu/E[0]                                            | cpu/sys_reset                            |                1 |              4 |         4.00 |
|  clk_inst/inst/clk_out1 | spi_adxl362_inst/byte_cnt[3]_i_1_n_0                | cpu/sys_reset                            |                1 |              4 |         4.00 |
|  clk_inst/inst/clk_out1 | cpu/mem_addr[31]_i_1_n_0                            | cpu/mem_wstrb[3]_i_1_n_0                 |                1 |              4 |         4.00 |
|  clk_inst/inst/clk_out1 | cpu/mem_wstrb_reg[2]_0[0]                           | cpu/sys_reset                            |                1 |              4 |         4.00 |
|  clk_inst/inst/clk_out1 | uart_inst/uart_rx/E[0]                              | cpu/sys_reset                            |                2 |              4 |         2.00 |
|  clk_inst/inst/clk_out1 | cpu/latched_rd[4]_i_2_n_0                           | cpu/latched_rd[4]_i_1_n_0                |                1 |              5 |         5.00 |
|  clk_inst/inst/clk_out1 | cpu/mem_rdata_q[26]_i_1_n_0                         | cpu/mem_rdata_q[31]_i_1_n_0              |                2 |              5 |         2.50 |
|  clk_inst/inst/clk_out1 | cpu/cpu_state[7]_i_2_n_0                            | cpu/cpu_state[7]_i_1_n_0                 |                4 |              7 |         1.75 |
|  clk_inst/inst/clk_out1 | spi_adxl362_inst/rx_shift[6]_i_1_n_0                | cpu/sys_reset                            |                1 |              7 |         7.00 |
|  clk_inst/inst/clk_out1 | cpu/is_lui_auipc_jal_jalr_addi_add_sub0             | cpu/decoded_imm[19]_i_1_n_0              |                3 |              8 |         2.67 |
|  clk_inst/inst/clk_out1 | uart_inst/uart_rx/o_rx_data0                        | cpu/sys_reset                            |                2 |              8 |         4.00 |
|  clk_inst/inst/clk_out1 | spi_adxl362_inst/rx2[7]_i_1_n_0                     |                                          |                1 |              8 |         8.00 |
|  clk_inst/inst/clk_out1 | spi_adxl362_inst/rx6[7]_i_1_n_0                     |                                          |                1 |              8 |         8.00 |
|  clk_inst/inst/clk_out1 | spi_adxl362_inst/rx4[7]_i_1_n_0                     |                                          |                1 |              8 |         8.00 |
|  clk_inst/inst/clk_out1 | spi_adxl362_inst/bit_cnt[2]_i_1_n_0                 | cpu/sys_reset                            |                4 |             11 |         2.75 |
|  clk_inst/inst/clk_out1 | cpu/is_lui_auipc_jal_jalr_addi_add_sub0             | cpu/decoded_imm[31]_i_1_n_0              |                3 |             12 |         4.00 |
|  clk_inst/inst/clk_out1 | uart_inst/uart_rx/E[0]                              |                                          |                2 |             12 |         6.00 |
|  clk_inst/inst/clk_out1 | cpu/mem_wstrb_reg[2]_0[0]                           |                                          |                2 |             12 |         6.00 |
|  clk_inst/inst/clk_out1 |                                                     | uart_inst/uart_rx/clk_counter[0]_i_1_n_0 |                4 |             14 |         3.50 |
|  clk_inst/inst/clk_out1 | spi_adxl362_inst/div_cnt[15]_i_1_n_0                | cpu/sys_reset                            |                8 |             16 |         2.00 |
|  clk_inst/inst/clk_out1 | spi_adxl362_inst/init_wait[15]_i_1_n_0              | cpu/sys_reset                            |                5 |             16 |         3.20 |
|  clk_inst/inst/clk_out1 | cpu/mem_rdata_q[26]_i_1_n_0                         |                                          |                6 |             17 |         2.83 |
|  clk_inst/inst/clk_out1 | cpu/is_lui_auipc_jal_jalr_addi_add_sub0             | cpu/sys_reset                            |               10 |             23 |         2.30 |
|  clk_inst/inst/clk_out1 | cpu/is_lui_auipc_jal_jalr_addi_add_sub0             |                                          |                9 |             30 |         3.33 |
|  clk_inst/inst/clk_out1 | cpu/mem_addr[31]_i_1_n_0                            |                                          |               11 |             30 |         2.73 |
|  clk_inst/inst/clk_out1 | cpu/reg_op2[31]_i_1_n_0                             |                                          |               11 |             32 |         2.91 |
|  clk_inst/inst/clk_out1 | cpu/reg_op1[31]_i_1_n_0                             |                                          |               18 |             32 |         1.78 |
|  clk_inst/inst/clk_out1 | cpu/mem_wstrb_reg[2]_1[0]                           | cpu/sys_reset                            |               12 |             32 |         2.67 |
|  clk_inst/inst/clk_out1 | cpu/mem_wdata[31]_i_1_n_0                           |                                          |                8 |             32 |         4.00 |
|  clk_inst/inst/clk_out1 | spi_adxl362_inst/x_data                             | cpu/sys_reset                            |               11 |             36 |         3.27 |
|  clk_inst/inst/clk_out1 | cpu/instr_jal_i_1_n_0                               |                                          |               13 |             43 |         3.31 |
|  clk_inst/inst/clk_out1 | cpu/reg_next_pc                                     | cpu/sys_reset                            |               20 |             62 |         3.10 |
|  clk_inst/inst/clk_out1 | cpu/count_instr                                     | cpu/sys_reset                            |               16 |             64 |         4.00 |
|  clk_inst/inst/clk_out1 | cpu/cpuregs_reg_r1_0_31_0_5_i_1_n_0                 |                                          |               11 |             88 |         8.00 |
|  clk_inst/inst/clk_out1 |                                                     |                                          |               62 |            109 |         1.76 |
|  clk_inst/inst/clk_out1 |                                                     | cpu/sys_reset                            |               43 |            122 |         2.84 |
+-------------------------+-----------------------------------------------------+------------------------------------------+------------------+----------------+--------------+


