Copyright 1986-2022 Xilinx, Inc. All Rights Reserved. Copyright 2022-2024 Advanced Micro Devices, Inc. All Rights Reserved.
---------------------------------------------------------------------------------------------------------------------------------------------
| Tool Version : Vivado v.2024.2 (win64) Build 5239630 Fri Nov 08 22:35:27 MST 2024
| Date         : Tue Apr 28 02:35:22 2026
| Host         : DESKTOP-HJBI5HF running 64-bit major release  (build 9200)
| Command      : report_control_sets -verbose -file top_microprocesador_control_sets_placed.rpt
| Design       : top_microprocesador
| Device       : xc7a100t
---------------------------------------------------------------------------------------------------------------------------------------------

Control Set Information

Table of Contents
-----------------
1. Summary
2. Histogram
3. Flip-Flop Distribution
4. Detailed Control Set Information

1. Summary
----------

+----------------------------------------------------------+-------+
|                          Status                          | Count |
+----------------------------------------------------------+-------+
| Total control sets                                       |    27 |
|    Minimum number of control sets                        |    27 |
|    Addition due to synthesis replication                 |     0 |
|    Addition due to physical synthesis replication        |     0 |
| Unused register locations in slices containing registers |    53 |
+----------------------------------------------------------+-------+
* Control sets can be merged at opt_design using control_set_merge or merge_equivalent_drivers
** Run report_qor_suggestions for automated merging and remapping suggestions


2. Histogram
------------

+--------------------+-------+
|       Fanout       | Count |
+--------------------+-------+
| Total control sets |    27 |
| >= 0 to < 4        |     0 |
| >= 4 to < 6        |     6 |
| >= 6 to < 8        |     1 |
| >= 8 to < 10       |     2 |
| >= 10 to < 12      |     0 |
| >= 12 to < 14      |     3 |
| >= 14 to < 16      |     1 |
| >= 16              |    14 |
+--------------------+-------+
* Control sets can be remapped at either synth_design or opt_design


3. Flip-Flop Distribution
-------------------------

+--------------+-----------------------+------------------------+-----------------+--------------+
| Clock Enable | Synchronous Set/Reset | Asynchronous Set/Reset | Total Registers | Total Slices |
+--------------+-----------------------+------------------------+-----------------+--------------+
| No           | No                    | No                     |             100 |           58 |
| No           | No                    | Yes                    |              40 |           14 |
| No           | Yes                   | No                     |              89 |           27 |
| Yes          | No                    | No                     |             221 |           82 |
| Yes          | No                    | Yes                    |              40 |           16 |
| Yes          | Yes                   | No                     |             201 |           61 |
+--------------+-----------------------+------------------------+-----------------+--------------+


4. Detailed Control Set Information
-----------------------------------

+-------------------------+-----------------------------------------------------+------------------------------------------+------------------+----------------+--------------+
|       Clock Signal      |                    Enable Signal                    |             Set/Reset Signal             | Slice Load Count | Bel Load Count | Bels / Slice |
+-------------------------+-----------------------------------------------------+------------------------------------------+------------------+----------------+--------------+
|  clk_inst/inst/clk_out1 | cpu/mem_addr[31]_i_1_n_0                            | cpu/mem_wstrb[3]_i_1_n_0                 |                1 |              4 |         4.00 |
|  clk_inst/inst/clk_out1 | cpu/E[0]                                            | cpu/sys_reset                            |                1 |              4 |         4.00 |
|  clk_inst/inst/clk_out1 | cpu/mem_wstrb_reg[1]_0[0]                           | cpu/sys_reset                            |                1 |              4 |         4.00 |
|  clk_inst/inst/clk_out1 | uart_inst/uart_rx/E[0]                              | cpu/sys_reset                            |                1 |              4 |         4.00 |
|  clk_inst/inst/clk_out1 | uart_inst/uart_tx/FSM_onehot_curr_state_reg[3]_0[0] | cpu/sys_reset                            |                1 |              4 |         4.00 |
|  clk_inst/inst/clk_out1 | cpu/latched_rd[4]_i_2_n_0                           | cpu/latched_rd[4]_i_1_n_0                |                1 |              5 |         5.00 |
|  clk_inst/inst/clk_out1 | cpu/cpu_state[7]_i_2_n_0                            | cpu/cpu_state[7]_i_1_n_0                 |                4 |              7 |         1.75 |
|  clk_inst/inst/clk_out1 | cpu/is_lui_auipc_jal_jalr_addi_add_sub0             | cpu/decoded_imm[19]_i_1_n_0              |                3 |              8 |         2.67 |
|  clk_inst/inst/clk_out1 | uart_inst/uart_rx/o_rx_data[7]_i_1_n_0              | cpu/sys_reset                            |                1 |              8 |         8.00 |
|  clk_inst/inst/clk_out1 | cpu/is_lui_auipc_jal_jalr_addi_add_sub0             | cpu/decoded_imm[31]_i_1_n_0              |                2 |             12 |         6.00 |
|  clk_inst/inst/clk_out1 | cpu/mem_wstrb_reg[1]_0[0]                           |                                          |                2 |             12 |         6.00 |
|  clk_inst/inst/clk_out1 | uart_inst/uart_rx/E[0]                              |                                          |                2 |             12 |         6.00 |
|  clk_inst/inst/clk_out1 |                                                     | uart_inst/uart_rx/clk_counter[0]_i_1_n_0 |                4 |             14 |         3.50 |
|  clk_inst/inst/clk_out1 | cpu/mem_rdata_q[31]_i_1_n_0                         |                                          |                6 |             22 |         3.67 |
|  clk_inst/inst/clk_out1 | cpu/is_lui_auipc_jal_jalr_addi_add_sub0             | cpu/sys_reset                            |                8 |             23 |         2.88 |
|  clk_inst/inst/clk_out1 | cpu/is_lui_auipc_jal_jalr_addi_add_sub0             |                                          |               10 |             30 |         3.00 |
|  clk_inst/inst/clk_out1 | cpu/mem_addr[31]_i_1_n_0                            |                                          |               11 |             30 |         2.73 |
|  clk_inst/inst/clk_out1 | cpu/mem_wdata[31]_i_1_n_0                           |                                          |               13 |             32 |         2.46 |
|  clk_inst/inst/clk_out1 | cpu/reg_op1[31]_i_1_n_0                             |                                          |               19 |             32 |         1.68 |
|  clk_inst/inst/clk_out1 | cpu/reg_op2[31]_i_1_n_0                             |                                          |               11 |             32 |         2.91 |
|  clk_inst/inst/clk_out1 | cpu/mem_wstrb_reg[1]_1[0]                           | cpu/sys_reset                            |               15 |             32 |         2.13 |
|  clk_inst/inst/clk_out1 | cpu/instr_jal_i_1_n_0                               |                                          |               12 |             43 |         3.58 |
|  clk_inst/inst/clk_out1 | cpu/reg_next_pc                                     | cpu/sys_reset                            |               22 |             62 |         2.82 |
|  clk_inst/inst/clk_out1 | cpu/count_instr                                     | cpu/sys_reset                            |               16 |             64 |         4.00 |
|  clk_inst/inst/clk_out1 | cpu/cpuregs_reg_r1_0_31_0_5_i_1_n_0                 |                                          |               11 |             88 |         8.00 |
|  clk_inst/inst/clk_out1 |                                                     |                                          |               58 |            100 |         1.72 |
|  clk_inst/inst/clk_out1 |                                                     | cpu/sys_reset                            |               37 |            115 |         3.11 |
+-------------------------+-----------------------------------------------------+------------------------------------------+------------------+----------------+--------------+


