Copyright 1986-2022 Xilinx, Inc. All Rights Reserved. Copyright 2022-2024 Advanced Micro Devices, Inc. All Rights Reserved.
-----------------------------------------------------------------------------------------------------------------------------------------------------------------------------------------------
| Tool Version : Vivado v.2024.2 (win64) Build 5239630 Fri Nov 08 22:35:27 MST 2024
| Date         : Tue Apr 28 23:01:55 2026
| Host         : DESKTOP-HJBI5HF running 64-bit major release  (build 9200)
| Command      : report_methodology -file top_microprocesador_methodology_drc_routed.rpt -pb top_microprocesador_methodology_drc_routed.pb -rpx top_microprocesador_methodology_drc_routed.rpx
| Design       : top_microprocesador
| Device       : xc7a100tcsg324-1
| Speed File   : -1
| Design State : Fully Routed
-----------------------------------------------------------------------------------------------------------------------------------------------------------------------------------------------

Report Methodology

Table of Contents
-----------------
1. REPORT SUMMARY
2. REPORT DETAILS

1. REPORT SUMMARY
-----------------
            Netlist: netlist
          Floorplan: design_1
      Design limits: <entire design considered>
             Max checks: <unlimited>
             Checks found: 5
+-----------+----------+--------------------------------------------------------+--------+
| Rule      | Severity | Description                                            | Checks |
+-----------+----------+--------------------------------------------------------+--------+
| TIMING-18 | Warning  | Missing input or output delay                          | 3      |
| XDCC-1    | Warning  | Scoped Clock constraint overwritten with the same name | 1      |
| XDCC-7    | Warning  | Scoped Clock constraint overwritten on the same source | 1      |
+-----------+----------+--------------------------------------------------------+--------+

2. REPORT DETAILS
-----------------
TIMING-18#1 Warning
Missing input or output delay  
An input delay is missing on btn_n17 relative to the rising and/or falling clock edge(s) of CLK100MHZ.
Related violations: <none>

TIMING-18#2 Warning
Missing input or output delay  
An input delay is missing on uart_rx relative to the rising and/or falling clock edge(s) of CLK100MHZ.
Related violations: <none>

TIMING-18#3 Warning
Missing input or output delay  
An output delay is missing on uart_tx relative to the rising and/or falling clock edge(s) of CLK100MHZ.
Related violations: <none>

XDCC-1#1 Warning
Scoped Clock constraint overwritten with the same name  
A new clock constraint create_clock overrides a previous scoped clock constraint with the same name. It is not recommended to override a scoped (typically an IP) clock constraint and could result in unexpected behaviors.
New: create_clock -period 10.000 [get_ports CLK100MHZ] (Source: C:/Users/raque/Documents/Proyectos_Taller_Digitales/project_1/project_1.srcs/constrs_1/new/ConstrainsM.xdc (Line: 3))
Previous: create_clock -period 10.000 [get_ports CLK100MHZ] (Source: c:/Users/raque/Documents/Proyectos_Taller_Digitales/project_1/project_1.gen/sources_1/ip/clk_wiz_0/clk_wiz_0.xdc (Line: 53))
Related violations: <none>

XDCC-7#1 Warning
Scoped Clock constraint overwritten on the same source  
A new clock constraint create_clock overrides a previous scoped clock constraint defined on the same source. It is not recommended to override a scoped (typically an IP) clock constraint and could result in unexpected behaviors.
New: create_clock -period 10.000 [get_ports CLK100MHZ] (Source: C:/Users/raque/Documents/Proyectos_Taller_Digitales/project_1/project_1.srcs/constrs_1/new/ConstrainsM.xdc (Line: 3))
Previous: create_clock -period 10.000 [get_ports CLK100MHZ] (Source: c:/Users/raque/Documents/Proyectos_Taller_Digitales/project_1/project_1.gen/sources_1/ip/clk_wiz_0/clk_wiz_0.xdc (Line: 53))
Related violations: <none>


