Vivado Simulator v2024.2.0
Copyright 1986-2022 Xilinx, Inc. All Rights Reserved.
Copyright 2022-2024 Advanced Micro Devices, Inc. All Rights Reserved.
Running: C:/AMD/Vivado/2024.2/bin/unwrapped/win64.o/xelab.exe --incr --debug typical --relax --mt 2 -L xil_defaultlib -L blk_mem_gen_v8_4_9 -L uvm -L unisims_ver -L unimacro_ver -L secureip -L xpm --snapshot top_microprocesador_behav xil_defaultlib.top_microprocesador xil_defaultlib.glbl -log elaborate.log 
Using 2 slave threads.
Starting static elaboration
Pass Through NonSizing Optimizer
WARNING: [VRFC 10-3091] actual bit length 10 differs from formal bit length 32 for port 'addra' [C:/Users/raque/Documents/Proyectos_Taller_Digitales/Proyecto2/Proyecto2/Microproceador/scr/top/top_microprocesador.v:135]
WARNING: [VRFC 10-3091] actual bit length 15 differs from formal bit length 10 for port 'addra' [C:/Users/raque/Documents/Proyectos_Taller_Digitales/Proyecto2/Proyecto2/Microproceador/scr/top/top_microprocesador.v:159]
Completed static elaboration
Starting simulation data flow analysis
Completed simulation data flow analysis
Time Resolution for simulation is 1ps
Compiling module xil_defaultlib.picorv32_default
Compiling module xil_defaultlib.fifo_mem_default
Compiling module xil_defaultlib.fifo_ctrl_default
Compiling module xil_defaultlib.fifo_default
Compiling module xil_defaultlib.uart_tx_default
Compiling module xil_defaultlib.uart_rx_default
Compiling module xil_defaultlib.uart
Compiling module blk_mem_gen_v8_4_9.blk_mem_gen_v8_4_9_output_stage(...
Compiling module blk_mem_gen_v8_4_9.blk_mem_gen_v8_4_9_output_stage(...
Compiling module blk_mem_gen_v8_4_9.blk_mem_gen_v8_4_9_softecc_outpu...
Compiling module blk_mem_gen_v8_4_9.blk_mem_gen_v8_4_9_mem_module(C_...
Compiling module blk_mem_gen_v8_4_9.blk_mem_gen_v8_4_9(C_FAMILY="art...
Compiling module xil_defaultlib.blk_mem_gen_0
Compiling module blk_mem_gen_v8_4_9.blk_mem_gen_v8_4_9_output_stage(...
Compiling module blk_mem_gen_v8_4_9.blk_mem_gen_v8_4_9_mem_module(C_...
Compiling module blk_mem_gen_v8_4_9.blk_mem_gen_v8_4_9(C_FAMILY="art...
Compiling module xil_defaultlib.blk_mem_gen_1
Compiling module xil_defaultlib.top_microprocesador
Compiling module xil_defaultlib.glbl
Built simulation snapshot top_microprocesador_behav
