INFO: [VRFC 10-2263] Analyzing Verilog file "C:/Users/raque/Documents/Proyectos_Taller_Digitales/Proyecto2/Proyecto2/Microproceador/Microproceador.gen/sources_1/ip/blk_mem_gen_1/sim/blk_mem_gen_1.v" into library xil_defaultlib
INFO: [VRFC 10-311] analyzing module blk_mem_gen_1
INFO: [VRFC 10-2263] Analyzing Verilog file "C:/Users/raque/Documents/Proyectos_Taller_Digitales/Proyecto2/Proyecto2/Microproceador/Microproceador.gen/sources_1/ip/blk_mem_gen_0/sim/blk_mem_gen_0.v" into library xil_defaultlib
INFO: [VRFC 10-311] analyzing module blk_mem_gen_0
INFO: [VRFC 10-2263] Analyzing Verilog file "C:/Users/raque/Documents/Proyectos_Taller_Digitales/Proyecto2/Proyecto2/Microproceador/scr/riscv/picorv32.v" into library xil_defaultlib
INFO: [VRFC 10-311] analyzing module picorv32
INFO: [VRFC 10-311] analyzing module picorv32_regs
INFO: [VRFC 10-311] analyzing module picorv32_pcpi_mul
INFO: [VRFC 10-311] analyzing module picorv32_pcpi_fast_mul
INFO: [VRFC 10-311] analyzing module picorv32_pcpi_div
INFO: [VRFC 10-311] analyzing module picorv32_axi
INFO: [VRFC 10-311] analyzing module picorv32_axi_adapter
INFO: [VRFC 10-311] analyzing module picorv32_wb
INFO: [VRFC 10-2263] Analyzing SystemVerilog file "C:/Users/raque/Documents/Proyectos_Taller_Digitales/Proyecto2/Proyecto2/Microproceador/scr/uart/fifo.sv" into library xil_defaultlib
INFO: [VRFC 10-311] analyzing module fifo
INFO: [VRFC 10-2263] Analyzing SystemVerilog file "C:/Users/raque/Documents/Proyectos_Taller_Digitales/Proyecto2/Proyecto2/Microproceador/scr/uart/fifo_ctrl.sv" into library xil_defaultlib
INFO: [VRFC 10-311] analyzing module fifo_ctrl
INFO: [VRFC 10-2263] Analyzing SystemVerilog file "C:/Users/raque/Documents/Proyectos_Taller_Digitales/Proyecto2/Proyecto2/Microproceador/scr/uart/fifo_mem.sv" into library xil_defaultlib
INFO: [VRFC 10-311] analyzing module fifo_mem
INFO: [VRFC 10-2263] Analyzing SystemVerilog file "C:/Users/raque/Documents/Proyectos_Taller_Digitales/Proyecto2/Proyecto2/Microproceador/scr/uart/uart.sv" into library xil_defaultlib
INFO: [VRFC 10-311] analyzing module uart
INFO: [VRFC 10-2263] Analyzing SystemVerilog file "C:/Users/raque/Documents/Proyectos_Taller_Digitales/Proyecto2/Proyecto2/Microproceador/scr/uart/uart_rx.sv" into library xil_defaultlib
INFO: [VRFC 10-311] analyzing module uart_rx
INFO: [VRFC 10-2263] Analyzing SystemVerilog file "C:/Users/raque/Documents/Proyectos_Taller_Digitales/Proyecto2/Proyecto2/Microproceador/scr/uart/uart_tx.sv" into library xil_defaultlib
INFO: [VRFC 10-311] analyzing module uart_tx
INFO: [VRFC 10-2263] Analyzing Verilog file "C:/Users/raque/Documents/Proyectos_Taller_Digitales/Proyecto2/Proyecto2/Microproceador/scr/top/top_microprocesador.v" into library xil_defaultlib
INFO: [VRFC 10-311] analyzing module top_microprocesador
INFO: [VRFC 10-2263] Analyzing Verilog file "C:/Users/raque/Documents/Proyectos_Taller_Digitales/Proyecto2/Proyecto2/Microproceador/Microproceador.sim/sim_1/behav/xsim/glbl.v" into library xil_defaultlib
INFO: [VRFC 10-311] analyzing module glbl
