#-----------------------------------------------------------
# Vivado v2024.2 (64-bit)
# SW Build 5239630 on Fri Nov 08 22:35:27 MST 2024
# IP Build 5239520 on Sun Nov 10 16:12:51 MST 2024
# SharedData Build 5239561 on Fri Nov 08 14:39:27 MST 2024
# Start of session at: Tue Apr 28 10:49:19 2026
# Process ID         : 18568
# Current directory  : C:/Users/anshr/Proyecto2/RepoTallerDigital/Taller_dise-o_digital/Laboratorio 2/Camino1c/project_1
# Command line       : vivado.exe -gui_launcher_event rodinguilauncherevent23368 C:\Users\anshr\Proyecto2\RepoTallerDigital\Taller_dise-o_digital\Laboratorio 2\Camino1c\project_1\project_1.xpr
# Log file           : C:/Users/anshr/Proyecto2/RepoTallerDigital/Taller_dise-o_digital/Laboratorio 2/Camino1c/project_1/vivado.log
# Journal file       : C:/Users/anshr/Proyecto2/RepoTallerDigital/Taller_dise-o_digital/Laboratorio 2/Camino1c/project_1\vivado.jou
# Running On         : ASHG
# Platform           : Windows Server 2016 or Windows 10
# Operating System   : 26200
# Processor Detail   : AMD Ryzen 5 7530U with Radeon Graphics         
# CPU Frequency      : 1996 MHz
# CPU Physical cores : 6
# CPU Logical cores  : 12
# Host memory        : 7851 MB
# Swap memory        : 9681 MB
# Total Virtual      : 17533 MB
# Available Virtual  : 2034 MB
#-----------------------------------------------------------
start_gui
open_project {C:/Users/anshr/Proyecto2/RepoTallerDigital/Taller_dise-o_digital/Laboratorio 2/Camino1c/project_1/project_1.xpr}
INFO: [ProjectBase 1-489] The host OS only allows 260 characters in a normal path. The project is stored in a path with more than 80 characters. If you experience issues with IP, Block Designs, or files not being found, please consider moving the project to a location with a shorter path. Alternately consider using the OS subst command to map part of the path to a drive letter.
Current project path is 'C:/Users/anshr/Proyecto2/RepoTallerDigital/Taller_dise-o_digital/Laboratorio 2/Camino1c/project_1'
INFO: [Project 1-313] Project file moved from 'C:/Users/raque/Documents/Proyectos_Taller_Digitales/project_1' since last save.
Scanning sources...
Finished scanning sources
INFO: [IP_Flow 19-234] Refreshing IP repositories
INFO: [IP_Flow 19-1704] No user IP repositories specified
INFO: [IP_Flow 19-2313] Loaded Vivado IP repository 'C:/Xilinx/Vivado/2024.2/data/ip'.
open_project: Time (s): cpu = 00:00:17 ; elapsed = 00:00:08 . Memory (MB): peak = 1204.520 ; gain = 124.676
update_compile_order -fileset sources_1
reset_run blk_mem_gen_0_synth_1
reset_run synth_1
INFO: [Project 1-1161] Replacing file C:/Users/anshr/Proyecto2/RepoTallerDigital/Taller_dise-o_digital/Laboratorio 2/Camino1c/project_1/project_1.srcs/utils_1/imports/synth_1/top_microprocesador.dcp with file C:/Users/anshr/Proyecto2/RepoTallerDigital/Taller_dise-o_digital/Laboratorio 2/Camino1c/project_1/project_1.runs/synth_1/top_microprocesador.dcp
launch_runs synth_1 -jobs 6
WARNING: [HDL 9-3756] overwriting previous definition of module 'axi_gpio_simple' [C:/Users/anshr/Proyecto2/RepoTallerDigital/Taller_dise-o_digital/Laboratorio 2/Camino1c/project_1/project_1.srcs/sources_1/new/axi_gpio_simple.v:1]
WARNING: [filemgmt 20-1318] Duplicate Design Unit 'axi_gpio_simple()' found in library 'xil_defaultlib'
Duplicate found at line 1 of file C:/Users/anshr/Proyecto2/RepoTallerDigital/Taller_dise-o_digital/Laboratorio 2/Camino1c/project_1/project_1.srcs/sources_1/new/axi_bram_adapter.v
	(Active) Duplicate found at line 1 of file C:/Users/anshr/Proyecto2/RepoTallerDigital/Taller_dise-o_digital/Laboratorio 2/Camino1c/project_1/project_1.srcs/sources_1/new/axi_gpio_simple.v
INFO: [IP_Flow 19-1686] Generating 'Synthesis' target for IP 'blk_mem_gen_0'...
[Tue Apr 28 10:56:38 2026] Launched blk_mem_gen_0_synth_1...
Run output will be captured here: C:/Users/anshr/Proyecto2/RepoTallerDigital/Taller_dise-o_digital/Laboratorio 2/Camino1c/project_1/project_1.runs/blk_mem_gen_0_synth_1/runme.log
[Tue Apr 28 10:56:38 2026] Launched synth_1...
Run output will be captured here: C:/Users/anshr/Proyecto2/RepoTallerDigital/Taller_dise-o_digital/Laboratorio 2/Camino1c/project_1/project_1.runs/synth_1/runme.log
launch_runs impl_1 -jobs 6
[Tue Apr 28 11:00:57 2026] Launched impl_1...
Run output will be captured here: C:/Users/anshr/Proyecto2/RepoTallerDigital/Taller_dise-o_digital/Laboratorio 2/Camino1c/project_1/project_1.runs/impl_1/runme.log
exit
INFO: [Common 17-206] Exiting Vivado at Tue Apr 28 14:26:49 2026...
