Copyright 1986-2022 Xilinx, Inc. All Rights Reserved. Copyright 2022-2024 Advanced Micro Devices, Inc. All Rights Reserved.
------------------------------------------------------------------------------------------------------------------------------------------------------------------------------------------------------------------------------------------------------
| Tool Version : Vivado v.2024.2 (win64) Build 5239630 Fri Nov 08 22:35:27 MST 2024
| Date         : Sun Apr 12 16:57:17 2026
| Host         : DESKTOP-HJBI5HF running 64-bit major release  (build 9200)
| Command      : report_timing_summary -max_paths 10 -report_unconstrained -file top_microprocesador_timing_summary_routed.rpt -pb top_microprocesador_timing_summary_routed.pb -rpx top_microprocesador_timing_summary_routed.rpx -warn_on_violation
| Design       : top_microprocesador
| Device       : 7a100t-csg324
| Speed File   : -1  PRODUCTION 1.23 2018-06-13
| Design State : Routed
------------------------------------------------------------------------------------------------------------------------------------------------------------------------------------------------------------------------------------------------------

Timing Summary Report

------------------------------------------------------------------------------------------------
| Timer Settings
| --------------
------------------------------------------------------------------------------------------------

  Enable Multi Corner Analysis               :  Yes
  Enable Pessimism Removal                   :  Yes
  Pessimism Removal Resolution               :  Nearest Common Node
  Enable Input Delay Default Clock           :  No
  Enable Preset / Clear Arcs                 :  No
  Disable Flight Delays                      :  No
  Ignore I/O Paths                           :  No
  Timing Early Launch at Borrowing Latches   :  No
  Borrow Time for Max Delay Exceptions       :  Yes
  Merge Timing Exceptions                    :  Yes
  Inter-SLR Compensation                     :  Conservative

  Corner  Analyze    Analyze    
  Name    Max Paths  Min Paths  
  ------  ---------  ---------  
  Slow    Yes        Yes        
  Fast    Yes        Yes        


------------------------------------------------------------------------------------------------
| Report Methodology
| ------------------
------------------------------------------------------------------------------------------------

Rule       Severity          Description                  Violations  
---------  ----------------  ---------------------------  ----------  
TIMING-17  Critical Warning  Non-clocked sequential cell  807         

Note: This report is based on the most recent report_methodology run and may not be up-to-date. Run report_methodology on the current design for the latest report.



check_timing report

Table of Contents
-----------------
1. checking no_clock (807)
2. checking constant_clock (0)
3. checking pulse_width_clock (0)
4. checking unconstrained_internal_endpoints (2284)
5. checking no_input_delay (2)
6. checking no_output_delay (1)
7. checking multiple_clock (0)
8. checking generated_clocks (0)
9. checking loops (0)
10. checking partial_input_delay (0)
11. checking partial_output_delay (0)
12. checking latch_loops (0)

1. checking no_clock (807)
--------------------------
 There are 807 register/latch pins with no clock driven by root clock pin: CLK100MHZ (HIGH)


2. checking constant_clock (0)
------------------------------
 There are 0 register/latch pins with constant_clock.


3. checking pulse_width_clock (0)
---------------------------------
 There are 0 register/latch pins which need pulse_width check


4. checking unconstrained_internal_endpoints (2284)
---------------------------------------------------
 There are 2284 pins that are not constrained for maximum delay. (HIGH)

 There are 0 pins that are not constrained for maximum delay due to constant clock.


5. checking no_input_delay (2)
------------------------------
 There are 2 input ports with no input delay specified. (HIGH)

 There are 0 input ports with no input delay but user has a false path constraint.


6. checking no_output_delay (1)
-------------------------------
 There is 1 port with no output delay specified. (HIGH)

 There are 0 ports with no output delay but user has a false path constraint

 There are 0 ports with no output delay but with a timing clock defined on it or propagating through it


7. checking multiple_clock (0)
------------------------------
 There are 0 register/latch pins with multiple clocks.


8. checking generated_clocks (0)
--------------------------------
 There are 0 generated clocks that are not connected to a clock source.


9. checking loops (0)
---------------------
 There are 0 combinational loops in the design.


10. checking partial_input_delay (0)
------------------------------------
 There are 0 input ports with partial input delay specified.


11. checking partial_output_delay (0)
-------------------------------------
 There are 0 ports with partial output delay specified.


12. checking latch_loops (0)
----------------------------
 There are 0 combinational latch loops in the design through latch input



------------------------------------------------------------------------------------------------
| Design Timing Summary
| ---------------------
------------------------------------------------------------------------------------------------

    WNS(ns)      TNS(ns)  TNS Failing Endpoints  TNS Total Endpoints      WHS(ns)      THS(ns)  THS Failing Endpoints  THS Total Endpoints     WPWS(ns)     TPWS(ns)  TPWS Failing Endpoints  TPWS Total Endpoints  
    -------      -------  ---------------------  -------------------      -------      -------  ---------------------  -------------------     --------     --------  ----------------------  --------------------  
        inf        0.000                      0                 2285          inf        0.000                      0                 2285           NA           NA                      NA                    NA  


There are no user specified timing constraints.


------------------------------------------------------------------------------------------------
| Clock Summary
| -------------
------------------------------------------------------------------------------------------------


------------------------------------------------------------------------------------------------
| Intra Clock Table
| -----------------
------------------------------------------------------------------------------------------------

Clock             WNS(ns)      TNS(ns)  TNS Failing Endpoints  TNS Total Endpoints      WHS(ns)      THS(ns)  THS Failing Endpoints  THS Total Endpoints     WPWS(ns)     TPWS(ns)  TPWS Failing Endpoints  TPWS Total Endpoints  
-----             -------      -------  ---------------------  -------------------      -------      -------  ---------------------  -------------------     --------     --------  ----------------------  --------------------  


------------------------------------------------------------------------------------------------
| Inter Clock Table
| -----------------
------------------------------------------------------------------------------------------------

From Clock    To Clock          WNS(ns)      TNS(ns)  TNS Failing Endpoints  TNS Total Endpoints      WHS(ns)      THS(ns)  THS Failing Endpoints  THS Total Endpoints  
----------    --------          -------      -------  ---------------------  -------------------      -------      -------  ---------------------  -------------------  


------------------------------------------------------------------------------------------------
| Other Path Groups Table
| -----------------------
------------------------------------------------------------------------------------------------

Path Group    From Clock    To Clock          WNS(ns)      TNS(ns)  TNS Failing Endpoints  TNS Total Endpoints      WHS(ns)      THS(ns)  THS Failing Endpoints  THS Total Endpoints  
----------    ----------    --------          -------      -------  ---------------------  -------------------      -------      -------  ---------------------  -------------------  


------------------------------------------------------------------------------------------------
| User Ignored Path Table
| -----------------------
------------------------------------------------------------------------------------------------

Path Group    From Clock    To Clock    
----------    ----------    --------    


------------------------------------------------------------------------------------------------
| Unconstrained Path Table
| ------------------------
------------------------------------------------------------------------------------------------

Path Group    From Clock    To Clock    
----------    ----------    --------    
(none)                                    


------------------------------------------------------------------------------------------------
| Timing Details
| --------------
------------------------------------------------------------------------------------------------


--------------------------------------------------------------------------------------
Path Group:  (none)
From Clock:  
  To Clock:  

Max Delay          2285 Endpoints
Min Delay          2285 Endpoints
--------------------------------------------------------------------------------------


Max Delay Paths
--------------------------------------------------------------------------------------
Slack:                    inf
  Source:                 reset
                            (input port)
  Destination:            cpu/reg_op1_reg[21]/CE
  Path Group:             (none)
  Path Type:              Max at Slow Process Corner
  Data Path Delay:        11.311ns  (logic 1.712ns (15.132%)  route 9.600ns (84.868%))
  Logic Levels:           5  (IBUF=1 LUT2=1 LUT3=1 LUT6=2)

    Location             Delay type                Incr(ns)  Path(ns)    Netlist Resource(s)
  -------------------------------------------------------------------    -------------------
    R10                                               0.000     0.000 f  reset (IN)
                         net (fo=0)                   0.000     0.000    reset
    R10                  IBUF (Prop_ibuf_I_O)         0.986     0.986 f  reset_IBUF_inst/O
                         net (fo=348, routed)         4.354     5.340    cpu/reset_IBUF
    SLICE_X19Y19         LUT6 (Prop_lut6_I2_O)        0.124     5.464 r  cpu/instr_jal_i_3/O
                         net (fo=7, routed)           0.821     6.285    cpu/mem_done
    SLICE_X19Y20         LUT2 (Prop_lut2_I0_O)        0.124     6.409 r  cpu/reg_op1[31]_i_3/O
                         net (fo=8, routed)           1.234     7.643    cpu/decoder_trigger1
    SLICE_X21Y20         LUT3 (Prop_lut3_I2_O)        0.152     7.795 r  cpu/reg_op1[31]_i_5/O
                         net (fo=1, routed)           0.433     8.228    cpu/reg_op1[31]_i_5_n_0
    SLICE_X21Y20         LUT6 (Prop_lut6_I3_O)        0.326     8.554 r  cpu/reg_op1[31]_i_1/O
                         net (fo=32, routed)          2.757    11.311    cpu/reg_op1[31]_i_1_n_0
    SLICE_X27Y29         FDRE                                         r  cpu/reg_op1_reg[21]/CE
  -------------------------------------------------------------------    -------------------

Slack:                    inf
  Source:                 reset
                            (input port)
  Destination:            cpu/reg_op1_reg[31]/CE
  Path Group:             (none)
  Path Type:              Max at Slow Process Corner
  Data Path Delay:        11.294ns  (logic 1.712ns (15.155%)  route 9.583ns (84.845%))
  Logic Levels:           5  (IBUF=1 LUT2=1 LUT3=1 LUT6=2)

    Location             Delay type                Incr(ns)  Path(ns)    Netlist Resource(s)
  -------------------------------------------------------------------    -------------------
    R10                                               0.000     0.000 f  reset (IN)
                         net (fo=0)                   0.000     0.000    reset
    R10                  IBUF (Prop_ibuf_I_O)         0.986     0.986 f  reset_IBUF_inst/O
                         net (fo=348, routed)         4.354     5.340    cpu/reset_IBUF
    SLICE_X19Y19         LUT6 (Prop_lut6_I2_O)        0.124     5.464 r  cpu/instr_jal_i_3/O
                         net (fo=7, routed)           0.821     6.285    cpu/mem_done
    SLICE_X19Y20         LUT2 (Prop_lut2_I0_O)        0.124     6.409 r  cpu/reg_op1[31]_i_3/O
                         net (fo=8, routed)           1.234     7.643    cpu/decoder_trigger1
    SLICE_X21Y20         LUT3 (Prop_lut3_I2_O)        0.152     7.795 r  cpu/reg_op1[31]_i_5/O
                         net (fo=1, routed)           0.433     8.228    cpu/reg_op1[31]_i_5_n_0
    SLICE_X21Y20         LUT6 (Prop_lut6_I3_O)        0.326     8.554 r  cpu/reg_op1[31]_i_1/O
                         net (fo=32, routed)          2.740    11.294    cpu/reg_op1[31]_i_1_n_0
    SLICE_X25Y30         FDRE                                         r  cpu/reg_op1_reg[31]/CE
  -------------------------------------------------------------------    -------------------

Slack:                    inf
  Source:                 reset
                            (input port)
  Destination:            cpu/reg_op1_reg[28]/CE
  Path Group:             (none)
  Path Type:              Max at Slow Process Corner
  Data Path Delay:        11.229ns  (logic 1.712ns (15.243%)  route 9.518ns (84.757%))
  Logic Levels:           5  (IBUF=1 LUT2=1 LUT3=1 LUT6=2)

    Location             Delay type                Incr(ns)  Path(ns)    Netlist Resource(s)
  -------------------------------------------------------------------    -------------------
    R10                                               0.000     0.000 f  reset (IN)
                         net (fo=0)                   0.000     0.000    reset
    R10                  IBUF (Prop_ibuf_I_O)         0.986     0.986 f  reset_IBUF_inst/O
                         net (fo=348, routed)         4.354     5.340    cpu/reset_IBUF
    SLICE_X19Y19         LUT6 (Prop_lut6_I2_O)        0.124     5.464 r  cpu/instr_jal_i_3/O
                         net (fo=7, routed)           0.821     6.285    cpu/mem_done
    SLICE_X19Y20         LUT2 (Prop_lut2_I0_O)        0.124     6.409 r  cpu/reg_op1[31]_i_3/O
                         net (fo=8, routed)           1.234     7.643    cpu/decoder_trigger1
    SLICE_X21Y20         LUT3 (Prop_lut3_I2_O)        0.152     7.795 r  cpu/reg_op1[31]_i_5/O
                         net (fo=1, routed)           0.433     8.228    cpu/reg_op1[31]_i_5_n_0
    SLICE_X21Y20         LUT6 (Prop_lut6_I3_O)        0.326     8.554 r  cpu/reg_op1[31]_i_1/O
                         net (fo=32, routed)          2.675    11.229    cpu/reg_op1[31]_i_1_n_0
    SLICE_X23Y31         FDRE                                         r  cpu/reg_op1_reg[28]/CE
  -------------------------------------------------------------------    -------------------

Slack:                    inf
  Source:                 cpu/mem_addr_reg[16]/C
                            (rising edge-triggered cell FDRE)
  Destination:            cpu/reg_out_reg[18]/D
  Path Group:             (none)
  Path Type:              Max at Slow Process Corner
  Data Path Delay:        11.212ns  (logic 1.324ns (11.809%)  route 9.888ns (88.191%))
  Logic Levels:           8  (FDRE=1 LUT4=1 LUT6=6)

    Location             Delay type                Incr(ns)  Path(ns)    Netlist Resource(s)
  -------------------------------------------------------------------    -------------------
    SLICE_X19Y27         FDRE                         0.000     0.000 r  cpu/mem_addr_reg[16]/C
    SLICE_X19Y27         FDRE (Prop_fdre_C_Q)         0.456     0.456 f  cpu/mem_addr_reg[16]/Q
                         net (fo=1, routed)           0.941     1.397    cpu/mem_addr[16]
    SLICE_X15Y29         LUT4 (Prop_lut4_I1_O)        0.124     1.521 r  cpu/mem_rdata_q[31]_i_5/O
                         net (fo=3, routed)           1.331     2.852    cpu/mem_rdata_q[31]_i_5_n_0
    SLICE_X10Y28         LUT6 (Prop_lut6_I0_O)        0.124     2.976 r  cpu/mem_rdata_q[31]_i_10/O
                         net (fo=1, routed)           1.185     4.161    cpu/mem_rdata_q[31]_i_10_n_0
    SLICE_X10Y23         LUT6 (Prop_lut6_I1_O)        0.124     4.285 r  cpu/mem_rdata_q[31]_i_3/O
                         net (fo=32, routed)          1.596     5.881    cpu/mem_rdata_q[31]_i_3_n_0
    SLICE_X8Y26          LUT6 (Prop_lut6_I5_O)        0.124     6.005 r  cpu/mem_rdata_q[31]_i_1/O
                         net (fo=6, routed)           1.493     7.498    cpu/mem_rdata[31]
    SLICE_X12Y21         LUT6 (Prop_lut6_I1_O)        0.124     7.622 r  cpu/reg_out[31]_i_8/O
                         net (fo=3, routed)           0.829     8.451    cpu/reg_out[31]_i_8_n_0
    SLICE_X13Y21         LUT6 (Prop_lut6_I2_O)        0.124     8.575 r  cpu/reg_out[31]_i_3/O
                         net (fo=17, routed)          2.513    11.088    cpu/reg_out[31]_i_3_n_0
    SLICE_X19Y29         LUT6 (Prop_lut6_I2_O)        0.124    11.212 r  cpu/reg_out[18]_i_1/O
                         net (fo=1, routed)           0.000    11.212    cpu/reg_out[18]
    SLICE_X19Y29         FDRE                                         r  cpu/reg_out_reg[18]/D
  -------------------------------------------------------------------    -------------------

Slack:                    inf
  Source:                 cpu/mem_addr_reg[16]/C
                            (rising edge-triggered cell FDRE)
  Destination:            cpu/reg_out_reg[15]/D
  Path Group:             (none)
  Path Type:              Max at Slow Process Corner
  Data Path Delay:        11.149ns  (logic 1.324ns (11.875%)  route 9.825ns (88.125%))
  Logic Levels:           8  (FDRE=1 LUT4=1 LUT6=6)

    Location             Delay type                Incr(ns)  Path(ns)    Netlist Resource(s)
  -------------------------------------------------------------------    -------------------
    SLICE_X19Y27         FDRE                         0.000     0.000 r  cpu/mem_addr_reg[16]/C
    SLICE_X19Y27         FDRE (Prop_fdre_C_Q)         0.456     0.456 f  cpu/mem_addr_reg[16]/Q
                         net (fo=1, routed)           0.941     1.397    cpu/mem_addr[16]
    SLICE_X15Y29         LUT4 (Prop_lut4_I1_O)        0.124     1.521 r  cpu/mem_rdata_q[31]_i_5/O
                         net (fo=3, routed)           1.331     2.852    cpu/mem_rdata_q[31]_i_5_n_0
    SLICE_X10Y28         LUT6 (Prop_lut6_I0_O)        0.124     2.976 r  cpu/mem_rdata_q[31]_i_10/O
                         net (fo=1, routed)           1.185     4.161    cpu/mem_rdata_q[31]_i_10_n_0
    SLICE_X10Y23         LUT6 (Prop_lut6_I1_O)        0.124     4.285 r  cpu/mem_rdata_q[31]_i_3/O
                         net (fo=32, routed)          1.596     5.881    cpu/mem_rdata_q[31]_i_3_n_0
    SLICE_X8Y26          LUT6 (Prop_lut6_I5_O)        0.124     6.005 r  cpu/mem_rdata_q[31]_i_1/O
                         net (fo=6, routed)           1.493     7.498    cpu/mem_rdata[31]
    SLICE_X12Y21         LUT6 (Prop_lut6_I1_O)        0.124     7.622 r  cpu/reg_out[31]_i_8/O
                         net (fo=3, routed)           0.829     8.451    cpu/reg_out[31]_i_8_n_0
    SLICE_X13Y21         LUT6 (Prop_lut6_I2_O)        0.124     8.575 r  cpu/reg_out[31]_i_3/O
                         net (fo=17, routed)          2.450    11.025    cpu/reg_out[31]_i_3_n_0
    SLICE_X20Y27         LUT6 (Prop_lut6_I2_O)        0.124    11.149 r  cpu/reg_out[15]_i_1/O
                         net (fo=1, routed)           0.000    11.149    cpu/reg_out[15]
    SLICE_X20Y27         FDRE                                         r  cpu/reg_out_reg[15]/D
  -------------------------------------------------------------------    -------------------

Slack:                    inf
  Source:                 reset
                            (input port)
  Destination:            cpu/reg_op1_reg[30]/CE
  Path Group:             (none)
  Path Type:              Max at Slow Process Corner
  Data Path Delay:        11.122ns  (logic 1.712ns (15.389%)  route 9.411ns (84.611%))
  Logic Levels:           5  (IBUF=1 LUT2=1 LUT3=1 LUT6=2)

    Location             Delay type                Incr(ns)  Path(ns)    Netlist Resource(s)
  -------------------------------------------------------------------    -------------------
    R10                                               0.000     0.000 f  reset (IN)
                         net (fo=0)                   0.000     0.000    reset
    R10                  IBUF (Prop_ibuf_I_O)         0.986     0.986 f  reset_IBUF_inst/O
                         net (fo=348, routed)         4.354     5.340    cpu/reset_IBUF
    SLICE_X19Y19         LUT6 (Prop_lut6_I2_O)        0.124     5.464 r  cpu/instr_jal_i_3/O
                         net (fo=7, routed)           0.821     6.285    cpu/mem_done
    SLICE_X19Y20         LUT2 (Prop_lut2_I0_O)        0.124     6.409 r  cpu/reg_op1[31]_i_3/O
                         net (fo=8, routed)           1.234     7.643    cpu/decoder_trigger1
    SLICE_X21Y20         LUT3 (Prop_lut3_I2_O)        0.152     7.795 r  cpu/reg_op1[31]_i_5/O
                         net (fo=1, routed)           0.433     8.228    cpu/reg_op1[31]_i_5_n_0
    SLICE_X21Y20         LUT6 (Prop_lut6_I3_O)        0.326     8.554 r  cpu/reg_op1[31]_i_1/O
                         net (fo=32, routed)          2.568    11.122    cpu/reg_op1[31]_i_1_n_0
    SLICE_X25Y31         FDRE                                         r  cpu/reg_op1_reg[30]/CE
  -------------------------------------------------------------------    -------------------

Slack:                    inf
  Source:                 reset
                            (input port)
  Destination:            cpu/reg_op1_reg[14]/CE
  Path Group:             (none)
  Path Type:              Max at Slow Process Corner
  Data Path Delay:        11.077ns  (logic 1.712ns (15.453%)  route 9.365ns (84.547%))
  Logic Levels:           5  (IBUF=1 LUT2=1 LUT3=1 LUT6=2)

    Location             Delay type                Incr(ns)  Path(ns)    Netlist Resource(s)
  -------------------------------------------------------------------    -------------------
    R10                                               0.000     0.000 f  reset (IN)
                         net (fo=0)                   0.000     0.000    reset
    R10                  IBUF (Prop_ibuf_I_O)         0.986     0.986 f  reset_IBUF_inst/O
                         net (fo=348, routed)         4.354     5.340    cpu/reset_IBUF
    SLICE_X19Y19         LUT6 (Prop_lut6_I2_O)        0.124     5.464 r  cpu/instr_jal_i_3/O
                         net (fo=7, routed)           0.821     6.285    cpu/mem_done
    SLICE_X19Y20         LUT2 (Prop_lut2_I0_O)        0.124     6.409 r  cpu/reg_op1[31]_i_3/O
                         net (fo=8, routed)           1.234     7.643    cpu/decoder_trigger1
    SLICE_X21Y20         LUT3 (Prop_lut3_I2_O)        0.152     7.795 r  cpu/reg_op1[31]_i_5/O
                         net (fo=1, routed)           0.433     8.228    cpu/reg_op1[31]_i_5_n_0
    SLICE_X21Y20         LUT6 (Prop_lut6_I3_O)        0.326     8.554 r  cpu/reg_op1[31]_i_1/O
                         net (fo=32, routed)          2.523    11.077    cpu/reg_op1[31]_i_1_n_0
    SLICE_X25Y28         FDRE                                         r  cpu/reg_op1_reg[14]/CE
  -------------------------------------------------------------------    -------------------

Slack:                    inf
  Source:                 reset
                            (input port)
  Destination:            cpu/reg_op1_reg[18]/CE
  Path Group:             (none)
  Path Type:              Max at Slow Process Corner
  Data Path Delay:        11.077ns  (logic 1.712ns (15.453%)  route 9.365ns (84.547%))
  Logic Levels:           5  (IBUF=1 LUT2=1 LUT3=1 LUT6=2)

    Location             Delay type                Incr(ns)  Path(ns)    Netlist Resource(s)
  -------------------------------------------------------------------    -------------------
    R10                                               0.000     0.000 f  reset (IN)
                         net (fo=0)                   0.000     0.000    reset
    R10                  IBUF (Prop_ibuf_I_O)         0.986     0.986 f  reset_IBUF_inst/O
                         net (fo=348, routed)         4.354     5.340    cpu/reset_IBUF
    SLICE_X19Y19         LUT6 (Prop_lut6_I2_O)        0.124     5.464 r  cpu/instr_jal_i_3/O
                         net (fo=7, routed)           0.821     6.285    cpu/mem_done
    SLICE_X19Y20         LUT2 (Prop_lut2_I0_O)        0.124     6.409 r  cpu/reg_op1[31]_i_3/O
                         net (fo=8, routed)           1.234     7.643    cpu/decoder_trigger1
    SLICE_X21Y20         LUT3 (Prop_lut3_I2_O)        0.152     7.795 r  cpu/reg_op1[31]_i_5/O
                         net (fo=1, routed)           0.433     8.228    cpu/reg_op1[31]_i_5_n_0
    SLICE_X21Y20         LUT6 (Prop_lut6_I3_O)        0.326     8.554 r  cpu/reg_op1[31]_i_1/O
                         net (fo=32, routed)          2.523    11.077    cpu/reg_op1[31]_i_1_n_0
    SLICE_X25Y28         FDRE                                         r  cpu/reg_op1_reg[18]/CE
  -------------------------------------------------------------------    -------------------

Slack:                    inf
  Source:                 reset
                            (input port)
  Destination:            cpu/reg_op1_reg[29]/CE
  Path Group:             (none)
  Path Type:              Max at Slow Process Corner
  Data Path Delay:        11.076ns  (logic 1.712ns (15.454%)  route 9.364ns (84.546%))
  Logic Levels:           5  (IBUF=1 LUT2=1 LUT3=1 LUT6=2)

    Location             Delay type                Incr(ns)  Path(ns)    Netlist Resource(s)
  -------------------------------------------------------------------    -------------------
    R10                                               0.000     0.000 f  reset (IN)
                         net (fo=0)                   0.000     0.000    reset
    R10                  IBUF (Prop_ibuf_I_O)         0.986     0.986 f  reset_IBUF_inst/O
                         net (fo=348, routed)         4.354     5.340    cpu/reset_IBUF
    SLICE_X19Y19         LUT6 (Prop_lut6_I2_O)        0.124     5.464 r  cpu/instr_jal_i_3/O
                         net (fo=7, routed)           0.821     6.285    cpu/mem_done
    SLICE_X19Y20         LUT2 (Prop_lut2_I0_O)        0.124     6.409 r  cpu/reg_op1[31]_i_3/O
                         net (fo=8, routed)           1.234     7.643    cpu/decoder_trigger1
    SLICE_X21Y20         LUT3 (Prop_lut3_I2_O)        0.152     7.795 r  cpu/reg_op1[31]_i_5/O
                         net (fo=1, routed)           0.433     8.228    cpu/reg_op1[31]_i_5_n_0
    SLICE_X21Y20         LUT6 (Prop_lut6_I3_O)        0.326     8.554 r  cpu/reg_op1[31]_i_1/O
                         net (fo=32, routed)          2.522    11.076    cpu/reg_op1[31]_i_1_n_0
    SLICE_X27Y31         FDRE                                         r  cpu/reg_op1_reg[29]/CE
  -------------------------------------------------------------------    -------------------

Slack:                    inf
  Source:                 cpu/mem_addr_reg[16]/C
                            (rising edge-triggered cell FDRE)
  Destination:            cpu/reg_out_reg[19]/D
  Path Group:             (none)
  Path Type:              Max at Slow Process Corner
  Data Path Delay:        10.975ns  (logic 1.324ns (12.064%)  route 9.651ns (87.936%))
  Logic Levels:           8  (FDRE=1 LUT4=1 LUT6=6)

    Location             Delay type                Incr(ns)  Path(ns)    Netlist Resource(s)
  -------------------------------------------------------------------    -------------------
    SLICE_X19Y27         FDRE                         0.000     0.000 r  cpu/mem_addr_reg[16]/C
    SLICE_X19Y27         FDRE (Prop_fdre_C_Q)         0.456     0.456 f  cpu/mem_addr_reg[16]/Q
                         net (fo=1, routed)           0.941     1.397    cpu/mem_addr[16]
    SLICE_X15Y29         LUT4 (Prop_lut4_I1_O)        0.124     1.521 r  cpu/mem_rdata_q[31]_i_5/O
                         net (fo=3, routed)           1.331     2.852    cpu/mem_rdata_q[31]_i_5_n_0
    SLICE_X10Y28         LUT6 (Prop_lut6_I0_O)        0.124     2.976 r  cpu/mem_rdata_q[31]_i_10/O
                         net (fo=1, routed)           1.185     4.161    cpu/mem_rdata_q[31]_i_10_n_0
    SLICE_X10Y23         LUT6 (Prop_lut6_I1_O)        0.124     4.285 r  cpu/mem_rdata_q[31]_i_3/O
                         net (fo=32, routed)          1.596     5.881    cpu/mem_rdata_q[31]_i_3_n_0
    SLICE_X8Y26          LUT6 (Prop_lut6_I5_O)        0.124     6.005 r  cpu/mem_rdata_q[31]_i_1/O
                         net (fo=6, routed)           1.493     7.498    cpu/mem_rdata[31]
    SLICE_X12Y21         LUT6 (Prop_lut6_I1_O)        0.124     7.622 r  cpu/reg_out[31]_i_8/O
                         net (fo=3, routed)           0.829     8.451    cpu/reg_out[31]_i_8_n_0
    SLICE_X13Y21         LUT6 (Prop_lut6_I2_O)        0.124     8.575 r  cpu/reg_out[31]_i_3/O
                         net (fo=17, routed)          2.276    10.851    cpu/reg_out[31]_i_3_n_0
    SLICE_X19Y29         LUT6 (Prop_lut6_I2_O)        0.124    10.975 r  cpu/reg_out[19]_i_1/O
                         net (fo=1, routed)           0.000    10.975    cpu/reg_out[19]
    SLICE_X19Y29         FDRE                                         r  cpu/reg_out_reg[19]/D
  -------------------------------------------------------------------    -------------------





Min Delay Paths
--------------------------------------------------------------------------------------
Slack:                    inf
  Source:                 uart_inst/uart_rx/o_rx_data_reg[0]/C
                            (rising edge-triggered cell FDCE)
  Destination:            uart_inst/fifo_rx/fifo_mem/memory_reg_0_7_0_5/RAMA/I
  Path Group:             (none)
  Path Type:              Min at Fast Process Corner
  Data Path Delay:        0.197ns  (logic 0.141ns (71.611%)  route 0.056ns (28.389%))
  Logic Levels:           1  (FDCE=1)

    Location             Delay type                Incr(ns)  Path(ns)    Netlist Resource(s)
  -------------------------------------------------------------------    -------------------
    SLICE_X3Y21          FDCE                         0.000     0.000 r  uart_inst/uart_rx/o_rx_data_reg[0]/C
    SLICE_X3Y21          FDCE (Prop_fdce_C_Q)         0.141     0.141 r  uart_inst/uart_rx/o_rx_data_reg[0]/Q
                         net (fo=1, routed)           0.056     0.197    uart_inst/fifo_rx/fifo_mem/memory_reg_0_7_0_5/DIA0
    SLICE_X2Y21          RAMD32                                       r  uart_inst/fifo_rx/fifo_mem/memory_reg_0_7_0_5/RAMA/I
  -------------------------------------------------------------------    -------------------

Slack:                    inf
  Source:                 uart_inst/uart_rx/o_rx_data_reg[4]/C
                            (rising edge-triggered cell FDCE)
  Destination:            uart_inst/fifo_rx/fifo_mem/memory_reg_0_7_0_5/RAMC/I
  Path Group:             (none)
  Path Type:              Min at Fast Process Corner
  Data Path Delay:        0.203ns  (logic 0.128ns (63.063%)  route 0.075ns (36.937%))
  Logic Levels:           1  (FDCE=1)

    Location             Delay type                Incr(ns)  Path(ns)    Netlist Resource(s)
  -------------------------------------------------------------------    -------------------
    SLICE_X3Y21          FDCE                         0.000     0.000 r  uart_inst/uart_rx/o_rx_data_reg[4]/C
    SLICE_X3Y21          FDCE (Prop_fdce_C_Q)         0.128     0.128 r  uart_inst/uart_rx/o_rx_data_reg[4]/Q
                         net (fo=2, routed)           0.075     0.203    uart_inst/fifo_rx/fifo_mem/memory_reg_0_7_0_5/DIC0
    SLICE_X2Y21          RAMD32                                       r  uart_inst/fifo_rx/fifo_mem/memory_reg_0_7_0_5/RAMC/I
  -------------------------------------------------------------------    -------------------

Slack:                    inf
  Source:                 uart_inst/uart_rx/o_rx_data_reg[3]/C
                            (rising edge-triggered cell FDCE)
  Destination:            uart_inst/uart_rx/o_rx_data_reg[2]/D
  Path Group:             (none)
  Path Type:              Min at Fast Process Corner
  Data Path Delay:        0.255ns  (logic 0.141ns (55.285%)  route 0.114ns (44.715%))
  Logic Levels:           1  (FDCE=1)

    Location             Delay type                Incr(ns)  Path(ns)    Netlist Resource(s)
  -------------------------------------------------------------------    -------------------
    SLICE_X3Y21          FDCE                         0.000     0.000 r  uart_inst/uart_rx/o_rx_data_reg[3]/C
    SLICE_X3Y21          FDCE (Prop_fdce_C_Q)         0.141     0.141 r  uart_inst/uart_rx/o_rx_data_reg[3]/Q
                         net (fo=2, routed)           0.114     0.255    uart_inst/uart_rx/Q[3]
    SLICE_X3Y21          FDCE                                         r  uart_inst/uart_rx/o_rx_data_reg[2]/D
  -------------------------------------------------------------------    -------------------

Slack:                    inf
  Source:                 <hidden>
                            (rising edge-triggered cell FDRE)
  Destination:            <hidden>
  Path Group:             (none)
  Path Type:              Min at Fast Process Corner
  Data Path Delay:        0.259ns  (logic 0.128ns (49.416%)  route 0.131ns (50.584%))
  Logic Levels:           1  (FDRE=1)

    Location             Delay type                Incr(ns)  Path(ns)    Netlist Resource(s)
  -------------------------------------------------------------------    -------------------
    SLICE_X3Y16          FDRE                         0.000     0.000 r  <hidden>
    SLICE_X3Y16          FDRE (Prop_fdre_C_Q)         0.128     0.128 r  <hidden>
                         net (fo=2, routed)           0.131     0.259    <hidden>
    SLICE_X2Y16          SRL16E                                       r  <hidden>
  -------------------------------------------------------------------    -------------------

Slack:                    inf
  Source:                 cpu/mem_wdata_reg[30]/C
                            (rising edge-triggered cell FDRE)
  Destination:            leds_reg_reg[30]/D
  Path Group:             (none)
  Path Type:              Min at Fast Process Corner
  Data Path Delay:        0.259ns  (logic 0.128ns (49.391%)  route 0.131ns (50.609%))
  Logic Levels:           1  (FDRE=1)

    Location             Delay type                Incr(ns)  Path(ns)    Netlist Resource(s)
  -------------------------------------------------------------------    -------------------
    SLICE_X11Y26         FDRE                         0.000     0.000 r  cpu/mem_wdata_reg[30]/C
    SLICE_X11Y26         FDRE (Prop_fdre_C_Q)         0.128     0.128 r  cpu/mem_wdata_reg[30]/Q
                         net (fo=2, routed)           0.131     0.259    cpu_n_23
    SLICE_X8Y26          FDCE                                         r  leds_reg_reg[30]/D
  -------------------------------------------------------------------    -------------------

Slack:                    inf
  Source:                 uart_inst/uart_rx/o_rx_data_reg[3]/C
                            (rising edge-triggered cell FDCE)
  Destination:            uart_inst/fifo_rx/fifo_mem/memory_reg_0_7_0_5/RAMB_D1/I
  Path Group:             (none)
  Path Type:              Min at Fast Process Corner
  Data Path Delay:        0.262ns  (logic 0.141ns (53.808%)  route 0.121ns (46.192%))
  Logic Levels:           1  (FDCE=1)

    Location             Delay type                Incr(ns)  Path(ns)    Netlist Resource(s)
  -------------------------------------------------------------------    -------------------
    SLICE_X3Y21          FDCE                         0.000     0.000 r  uart_inst/uart_rx/o_rx_data_reg[3]/C
    SLICE_X3Y21          FDCE (Prop_fdce_C_Q)         0.141     0.141 r  uart_inst/uart_rx/o_rx_data_reg[3]/Q
                         net (fo=2, routed)           0.121     0.262    uart_inst/fifo_rx/fifo_mem/memory_reg_0_7_0_5/DIB1
    SLICE_X2Y21          RAMD32                                       r  uart_inst/fifo_rx/fifo_mem/memory_reg_0_7_0_5/RAMB_D1/I
  -------------------------------------------------------------------    -------------------

Slack:                    inf
  Source:                 uart_inst/uart_rx/o_rx_data_reg[6]/C
                            (rising edge-triggered cell FDCE)
  Destination:            uart_inst/fifo_rx/fifo_mem/memory_reg_0_7_6_7/DP/I
  Path Group:             (none)
  Path Type:              Min at Fast Process Corner
  Data Path Delay:        0.265ns  (logic 0.128ns (48.388%)  route 0.137ns (51.612%))
  Logic Levels:           1  (FDCE=1)

    Location             Delay type                Incr(ns)  Path(ns)    Netlist Resource(s)
  -------------------------------------------------------------------    -------------------
    SLICE_X3Y21          FDCE                         0.000     0.000 r  uart_inst/uart_rx/o_rx_data_reg[6]/C
    SLICE_X3Y21          FDCE (Prop_fdce_C_Q)         0.128     0.128 r  uart_inst/uart_rx/o_rx_data_reg[6]/Q
                         net (fo=3, routed)           0.137     0.265    uart_inst/fifo_rx/fifo_mem/memory_reg_0_7_6_7/D
    SLICE_X2Y20          RAMD32                                       r  uart_inst/fifo_rx/fifo_mem/memory_reg_0_7_6_7/DP/I
  -------------------------------------------------------------------    -------------------

Slack:                    inf
  Source:                 cpu/mem_wdata_reg[17]/C
                            (rising edge-triggered cell FDRE)
  Destination:            leds_reg_reg[17]/D
  Path Group:             (none)
  Path Type:              Min at Fast Process Corner
  Data Path Delay:        0.267ns  (logic 0.141ns (52.781%)  route 0.126ns (47.219%))
  Logic Levels:           1  (FDRE=1)

    Location             Delay type                Incr(ns)  Path(ns)    Netlist Resource(s)
  -------------------------------------------------------------------    -------------------
    SLICE_X11Y26         FDRE                         0.000     0.000 r  cpu/mem_wdata_reg[17]/C
    SLICE_X11Y26         FDRE (Prop_fdre_C_Q)         0.141     0.141 r  cpu/mem_wdata_reg[17]/Q
                         net (fo=2, routed)           0.126     0.267    cpu_n_36
    SLICE_X8Y26          FDCE                                         r  leds_reg_reg[17]/D
  -------------------------------------------------------------------    -------------------

Slack:                    inf
  Source:                 cpu/reg_out_reg[29]/C
                            (rising edge-triggered cell FDRE)
  Destination:            cpu/mem_addr_reg[29]/D
  Path Group:             (none)
  Path Type:              Min at Fast Process Corner
  Data Path Delay:        0.268ns  (logic 0.186ns (69.467%)  route 0.082ns (30.533%))
  Logic Levels:           2  (FDRE=1 LUT6=1)

    Location             Delay type                Incr(ns)  Path(ns)    Netlist Resource(s)
  -------------------------------------------------------------------    -------------------
    SLICE_X17Y32         FDRE                         0.000     0.000 r  cpu/reg_out_reg[29]/C
    SLICE_X17Y32         FDRE (Prop_fdre_C_Q)         0.141     0.141 r  cpu/reg_out_reg[29]/Q
                         net (fo=4, routed)           0.082     0.223    cpu/reg_out_reg_n_0_[29]
    SLICE_X16Y32         LUT6 (Prop_lut6_I2_O)        0.045     0.268 r  cpu/mem_addr[29]_i_1/O
                         net (fo=1, routed)           0.000     0.268    cpu/mem_addr[29]_i_1_n_0
    SLICE_X16Y32         FDRE                                         r  cpu/mem_addr_reg[29]/D
  -------------------------------------------------------------------    -------------------

Slack:                    inf
  Source:                 cpu/mem_wdata_reg[5]/C
                            (rising edge-triggered cell FDRE)
  Destination:            <hidden>
  Path Group:             (none)
  Path Type:              Min at Fast Process Corner
  Data Path Delay:        0.268ns  (logic 0.128ns (47.693%)  route 0.140ns (52.307%))
  Logic Levels:           1  (FDRE=1)

    Location             Delay type                Incr(ns)  Path(ns)    Netlist Resource(s)
  -------------------------------------------------------------------    -------------------
    SLICE_X11Y28         FDRE                         0.000     0.000 r  cpu/mem_wdata_reg[5]/C
    SLICE_X11Y28         FDRE (Prop_fdre_C_Q)         0.128     0.128 r  cpu/mem_wdata_reg[5]/Q
                         net (fo=3, routed)           0.140     0.268    <hidden>
    RAMB36_X0Y5          RAMB36E1                                     r  <hidden>
  -------------------------------------------------------------------    -------------------





