Copyright 1986-2022 Xilinx, Inc. All Rights Reserved. Copyright 2022-2024 Advanced Micro Devices, Inc. All Rights Reserved.
-------------------------------------------------------------------------------------------------------------------------------------------------------------------------------
| Tool Version     : Vivado v.2024.2 (win64) Build 5239630 Fri Nov 08 22:35:27 MST 2024
| Date             : Sun Apr 12 16:57:18 2026
| Host             : DESKTOP-HJBI5HF running 64-bit major release  (build 9200)
| Command          : report_power -file top_microprocesador_power_routed.rpt -pb top_microprocesador_power_summary_routed.pb -rpx top_microprocesador_power_routed.rpx
| Design           : top_microprocesador
| Device           : xc7a100tcsg324-1
| Design State     : routed
| Grade            : commercial
| Process          : typical
| Characterization : Production
-------------------------------------------------------------------------------------------------------------------------------------------------------------------------------

Power Report

Table of Contents
-----------------
1. Summary
1.1 On-Chip Components
1.2 Power Supply Summary
1.3 Confidence Level
2. Settings
2.1 Environment
2.2 Clock Constraints
3. Detailed Reports
3.1 By Hierarchy

1. Summary
----------

+--------------------------+--------------+
| Total On-Chip Power (W)  | 7.307        |
| Design Power Budget (W)  | Unspecified* |
| Power Budget Margin (W)  | NA           |
| Dynamic (W)              | 7.166        |
| Device Static (W)        | 0.141        |
| Effective TJA (C/W)      | 4.6          |
| Max Ambient (C)          | 51.7         |
| Junction Temperature (C) | 58.3         |
| Confidence Level         | Low          |
| Setting File             | ---          |
| Simulation Activity File | ---          |
| Design Nets Matched      | NA           |
+--------------------------+--------------+
* Specify Design Power Budget using, set_operating_conditions -design_power_budget <value in Watts>


1.1 On-Chip Components
----------------------

+--------------------------+-----------+----------+-----------+-----------------+
| On-Chip                  | Power (W) | Used     | Available | Utilization (%) |
+--------------------------+-----------+----------+-----------+-----------------+
| Slice Logic              |     3.337 |     2116 |       --- |             --- |
|   LUT as Logic           |     2.652 |     1013 |     63400 |            1.60 |
|   CARRY4                 |     0.315 |       91 |     15850 |            0.57 |
|   LUT as Distributed RAM |     0.251 |       56 |     19000 |            0.29 |
|   Register               |     0.114 |      691 |    126800 |            0.54 |
|   BUFG                   |     0.006 |        1 |        32 |            3.13 |
|   Others                 |     0.000 |       19 |       --- |             --- |
|   LUT as Shift Register  |     0.000 |        1 |     19000 |           <0.01 |
| Signals                  |     3.659 |     1687 |       --- |             --- |
| Block RAM                |     0.161 |        2 |       135 |            1.48 |
| I/O                      |     0.008 |        4 |       210 |            1.90 |
| Static Power             |     0.141 |          |           |                 |
| Total                    |     7.307 |          |           |                 |
+--------------------------+-----------+----------+-----------+-----------------+


1.2 Power Supply Summary
------------------------

+-----------+-------------+-----------+-------------+------------+-------------+-------------+------------+
| Source    | Voltage (V) | Total (A) | Dynamic (A) | Static (A) | Powerup (A) | Budget (A)  | Margin (A) |
+-----------+-------------+-----------+-------------+------------+-------------+-------------+------------+
| Vccint    |       1.000 |     7.208 |       7.153 |      0.055 |       NA    | Unspecified | NA         |
| Vccaux    |       1.800 |     0.023 |       0.000 |      0.023 |       NA    | Unspecified | NA         |
| Vcco33    |       3.300 |     0.000 |       0.000 |      0.000 |       NA    | Unspecified | NA         |
| Vcco25    |       2.500 |     0.000 |       0.000 |      0.000 |       NA    | Unspecified | NA         |
| Vcco18    |       1.800 |     0.004 |       0.000 |      0.004 |       NA    | Unspecified | NA         |
| Vcco15    |       1.500 |     0.000 |       0.000 |      0.000 |       NA    | Unspecified | NA         |
| Vcco135   |       1.350 |     0.000 |       0.000 |      0.000 |       NA    | Unspecified | NA         |
| Vcco12    |       1.200 |     0.000 |       0.000 |      0.000 |       NA    | Unspecified | NA         |
| Vccaux_io |       1.800 |     0.000 |       0.000 |      0.000 |       NA    | Unspecified | NA         |
| Vccbram   |       1.000 |     0.014 |       0.013 |      0.001 |       NA    | Unspecified | NA         |
| MGTAVcc   |       1.000 |     0.000 |       0.000 |      0.000 |       NA    | Unspecified | NA         |
| MGTAVtt   |       1.200 |     0.000 |       0.000 |      0.000 |       NA    | Unspecified | NA         |
| Vccadc    |       1.800 |     0.020 |       0.000 |      0.020 |       NA    | Unspecified | NA         |
+-----------+-------------+-----------+-------------+------------+-------------+-------------+------------+


1.3 Confidence Level
--------------------

+-----------------------------+------------+--------------------------------------------------------+--------------------------------------------------------------------------------------------------------------------+
| User Input Data             | Confidence | Details                                                | Action                                                                                                             |
+-----------------------------+------------+--------------------------------------------------------+--------------------------------------------------------------------------------------------------------------------+
| Design implementation state | High       | Design is routed                                       |                                                                                                                    |
| Clock nodes activity        | Low        | User specified less than 75% of clocks                 | Provide missing clock activity with a constraint file, simulation results or by editing the "By Clock Domain" view |
| I/O nodes activity          | Low        | More than 75% of inputs are missing user specification | Provide missing input activity with simulation results or by editing the "By Resource Type -> I/Os" view           |
| Internal nodes activity     | Medium     | User specified less than 25% of internal nodes         | Provide missing internal nodes activity with simulation results or by editing the "By Resource Type" views         |
| Device models               | High       | Device models are Production                           |                                                                                                                    |
|                             |            |                                                        |                                                                                                                    |
| Overall confidence level    | Low        |                                                        |                                                                                                                    |
+-----------------------------+------------+--------------------------------------------------------+--------------------------------------------------------------------------------------------------------------------+


2. Settings
-----------

2.1 Environment
---------------

+-----------------------+--------------------------+
| Ambient Temp (C)      | 25.0                     |
| ThetaJA (C/W)         | 4.6                      |
| Airflow (LFM)         | 250                      |
| Heat Sink             | medium (Medium Profile)  |
| ThetaSA (C/W)         | 4.6                      |
| Board Selection       | medium (10"x10")         |
| # of Board Layers     | 12to15 (12 to 15 Layers) |
| Board Temperature (C) | 25.0                     |
+-----------------------+--------------------------+


2.2 Clock Constraints
---------------------

+-------+--------+-----------------+
| Clock | Domain | Constraint (ns) |
+-------+--------+-----------------+


3. Detailed Reports
-------------------

3.1 By Hierarchy
----------------

+----------------------------------+-----------+
| Name                             | Power (W) |
+----------------------------------+-----------+
| top_microprocesador              |     7.166 |
|   cpu                            |     6.480 |
|     cpuregs_reg_r1_0_31_0_5      |     0.029 |
|     cpuregs_reg_r1_0_31_12_17    |     0.035 |
|     cpuregs_reg_r1_0_31_18_23    |     0.036 |
|     cpuregs_reg_r1_0_31_24_29    |     0.033 |
|     cpuregs_reg_r1_0_31_30_31    |     0.013 |
|     cpuregs_reg_r1_0_31_30_31__0 |     0.016 |
|     cpuregs_reg_r1_0_31_6_11     |     0.052 |
|     cpuregs_reg_r2_0_31_0_5      |     0.029 |
|     cpuregs_reg_r2_0_31_12_17    |     0.038 |
|     cpuregs_reg_r2_0_31_18_23    |     0.029 |
|     cpuregs_reg_r2_0_31_24_29    |     0.033 |
|     cpuregs_reg_r2_0_31_30_31    |     0.012 |
|     cpuregs_reg_r2_0_31_30_31__0 |     0.014 |
|     cpuregs_reg_r2_0_31_6_11     |     0.041 |
|   ram                            |     0.325 |
|     U0                           |     0.325 |
|       inst_blk_mem_gen           |     0.325 |
|   rom                            |     0.082 |
|     U0                           |     0.082 |
|       inst_blk_mem_gen           |     0.082 |
|   uart_inst                      |     0.211 |
|     fifo_rx                      |     0.015 |
|       fifo_ctrl                  |     0.015 |
|     fifo_tx                      |     0.050 |
|       fifo_ctrl                  |     0.050 |
|     uart_rx                      |     0.075 |
|     uart_tx                      |     0.064 |
+----------------------------------+-----------+


