Copyright 1986-2022 Xilinx, Inc. All Rights Reserved. Copyright 2022-2024 Advanced Micro Devices, Inc. All Rights Reserved.
---------------------------------------------------------------------------------------------------------------------------------------------
| Tool Version : Vivado v.2024.2 (win64) Build 5239630 Fri Nov 08 22:35:27 MST 2024
| Date         : Mon Apr 13 11:44:55 2026
| Host         : ASHG running 64-bit major release  (build 9200)
| Command      : report_control_sets -verbose -file top_microprocesador_control_sets_placed.rpt
| Design       : top_microprocesador
| Device       : xc7a100t
---------------------------------------------------------------------------------------------------------------------------------------------

Control Set Information

Table of Contents
-----------------
1. Summary
2. Histogram
3. Flip-Flop Distribution
4. Detailed Control Set Information

1. Summary
----------

+----------------------------------------------------------+-------+
|                          Status                          | Count |
+----------------------------------------------------------+-------+
| Total control sets                                       |    28 |
|    Minimum number of control sets                        |    28 |
|    Addition due to synthesis replication                 |     0 |
|    Addition due to physical synthesis replication        |     0 |
| Unused register locations in slices containing registers |    65 |
+----------------------------------------------------------+-------+
* Control sets can be merged at opt_design using control_set_merge or merge_equivalent_drivers
** Run report_qor_suggestions for automated merging and remapping suggestions


2. Histogram
------------

+--------------------+-------+
|       Fanout       | Count |
+--------------------+-------+
| Total control sets |    28 |
| >= 0 to < 4        |     0 |
| >= 4 to < 6        |     7 |
| >= 6 to < 8        |     1 |
| >= 8 to < 10       |     2 |
| >= 10 to < 12      |     0 |
| >= 12 to < 14      |     3 |
| >= 14 to < 16      |     1 |
| >= 16              |    14 |
+--------------------+-------+
* Control sets can be remapped at either synth_design or opt_design


3. Flip-Flop Distribution
-------------------------

+--------------+-----------------------+------------------------+-----------------+--------------+
| Clock Enable | Synchronous Set/Reset | Asynchronous Set/Reset | Total Registers | Total Slices |
+--------------+-----------------------+------------------------+-----------------+--------------+
| No           | No                    | No                     |              98 |           57 |
| No           | No                    | Yes                    |              38 |           13 |
| No           | Yes                   | No                     |              89 |           29 |
| Yes          | No                    | No                     |             217 |           91 |
| Yes          | No                    | Yes                    |              40 |           20 |
| Yes          | Yes                   | No                     |             205 |           55 |
+--------------+-----------------------+------------------------+-----------------+--------------+


4. Detailed Control Set Information
-----------------------------------

+----------------------+-----------------------------------------------------+------------------------------------------+------------------+----------------+--------------+
|     Clock Signal     |                    Enable Signal                    |             Set/Reset Signal             | Slice Load Count | Bel Load Count | Bels / Slice |
+----------------------+-----------------------------------------------------+------------------------------------------+------------------+----------------+--------------+
|  CLK100MHZ_IBUF_BUFG | uart_inst/uart_rx/E[0]                              | cpu/reset                                |                1 |              4 |         4.00 |
|  CLK100MHZ_IBUF_BUFG | uart_inst/uart_tx/FSM_onehot_curr_state_reg[3]_0[0] | cpu/reset                                |                1 |              4 |         4.00 |
|  CLK100MHZ_IBUF_BUFG | cpu/uart_tx_req                                     | cpu/reset                                |                1 |              4 |         4.00 |
|  CLK100MHZ_IBUF_BUFG | cpu/mem_valid_reg_0[0]                              | cpu/reset                                |                1 |              4 |         4.00 |
|  CLK100MHZ_IBUF_BUFG | cpu/is_lui_auipc_jal_jalr_addi_add_sub0             | cpu/instr_lhu_i_1_n_0                    |                1 |              4 |         4.00 |
|  CLK100MHZ_IBUF_BUFG | cpu/mem_addr[31]_i_1_n_0                            | cpu/mem_wstrb[3]_i_1_n_0                 |                1 |              4 |         4.00 |
|  CLK100MHZ_IBUF_BUFG | cpu/latched_rd[4]_i_2_n_0                           | cpu/latched_rd[4]_i_1_n_0                |                1 |              5 |         5.00 |
|  CLK100MHZ_IBUF_BUFG | cpu/cpu_state[7]_i_2_n_0                            | cpu/cpu_state[7]_i_1_n_0                 |                3 |              7 |         2.33 |
|  CLK100MHZ_IBUF_BUFG | uart_inst/uart_rx/o_rx_data0                        | cpu/reset                                |                2 |              8 |         4.00 |
|  CLK100MHZ_IBUF_BUFG | cpu/is_lui_auipc_jal_jalr_addi_add_sub0             | cpu/decoded_imm[19]_i_1_n_0              |                3 |              8 |         2.67 |
|  CLK100MHZ_IBUF_BUFG | uart_inst/uart_rx/E[0]                              |                                          |                2 |             12 |         6.00 |
|  CLK100MHZ_IBUF_BUFG | cpu/uart_tx_req                                     |                                          |                2 |             12 |         6.00 |
|  CLK100MHZ_IBUF_BUFG | cpu/is_lui_auipc_jal_jalr_addi_add_sub0             | cpu/decoded_imm[31]_i_1_n_0              |                4 |             12 |         3.00 |
|  CLK100MHZ_IBUF_BUFG |                                                     | uart_inst/uart_rx/clk_counter[0]_i_1_n_0 |                4 |             14 |         3.50 |
|  CLK100MHZ_IBUF_BUFG | cpu/mem_ready                                       |                                          |                9 |             22 |         2.44 |
|  CLK100MHZ_IBUF_BUFG | cpu/is_lui_auipc_jal_jalr_addi_add_sub0             | cpu/reset                                |                6 |             23 |         3.83 |
|  CLK100MHZ_IBUF_BUFG | cpu/is_lui_auipc_jal_jalr_addi_add_sub0             |                                          |               12 |             26 |         2.17 |
|  CLK100MHZ_IBUF_BUFG | cpu/mem_addr[31]_i_1_n_0                            |                                          |               17 |             30 |         1.76 |
|  CLK100MHZ_IBUF_BUFG | cpu/reg_op1[31]_i_1_n_0                             |                                          |               17 |             32 |         1.88 |
|  CLK100MHZ_IBUF_BUFG | cpu/reg_op2[31]_i_1_n_0                             |                                          |               12 |             32 |         2.67 |
|  CLK100MHZ_IBUF_BUFG | cpu/E[0]                                            | cpu/reset                                |               18 |             32 |         1.78 |
|  CLK100MHZ_IBUF_BUFG | cpu/mem_wdata[31]_i_1_n_0                           |                                          |                9 |             32 |         3.56 |
|  CLK100MHZ_IBUF_BUFG | cpu/instr_lui0                                      |                                          |               15 |             43 |         2.87 |
|  CLK100MHZ_IBUF_BUFG | cpu/reg_next_pc                                     | cpu/reset                                |               16 |             62 |         3.88 |
|  CLK100MHZ_IBUF_BUFG | cpu/count_instr                                     | cpu/reset                                |               16 |             64 |         4.00 |
|  CLK100MHZ_IBUF_BUFG | cpu/cpuregs_reg_r1_0_31_0_5_i_1_n_0                 |                                          |               11 |             88 |         8.00 |
|  CLK100MHZ_IBUF_BUFG |                                                     |                                          |               57 |             98 |         1.72 |
|  CLK100MHZ_IBUF_BUFG |                                                     | cpu/reset                                |               38 |            113 |         2.97 |
+----------------------+-----------------------------------------------------+------------------------------------------+------------------+----------------+--------------+


