Vivado Simulator v2024.2.0
Copyright 1986-2022 Xilinx, Inc. All Rights Reserved.
Copyright 2022-2024 Advanced Micro Devices, Inc. All Rights Reserved.
Running: C:/AMD/Vivado/2024.2/bin/unwrapped/win64.o/xelab.exe --incr --debug typical --relax --mt 2 -L xil_defaultlib -L blk_mem_gen_v8_4_9 -L uvm -L unisims_ver -L unimacro_ver -L secureip -L xpm --snapshot tb_top_behav xil_defaultlib.tb_top xil_defaultlib.glbl -log elaborate.log 
Using 2 slave threads.
Starting static elaboration
Pass Through NonSizing Optimizer
WARNING: [VRFC 10-3091] actual bit length 4 differs from formal bit length 2 for port 'wea' [C:/Users/raque/Documents/Proyectos_Taller_Digitales/project_1/project_1.srcs/sources_1/imports/scr/top/top_microprocesador.v:157]
WARNING: [VRFC 10-3091] actual bit length 32 differs from formal bit length 16 for port 'dina' [C:/Users/raque/Documents/Proyectos_Taller_Digitales/project_1/project_1.srcs/sources_1/imports/scr/top/top_microprocesador.v:159]
WARNING: [VRFC 10-3091] actual bit length 32 differs from formal bit length 16 for port 'douta' [C:/Users/raque/Documents/Proyectos_Taller_Digitales/project_1/project_1.srcs/sources_1/imports/scr/top/top_microprocesador.v:160]
Completed static elaboration
Starting simulation data flow analysis
Completed simulation data flow analysis
Time Resolution for simulation is 1ps
Compiling module unisims_ver.BUFG
Compiling module unisims_ver.IBUF
Compiling module unisims_ver.MMCME2_ADV(CLKFBOUT_MULT_F=10.0,...
Compiling module unisims_ver.x_lut1_mux2
Compiling module unisims_ver.LUT1(INIT=2'b01)
Compiling module xil_defaultlib.clk_wiz_0_clk_wiz
Compiling module xil_defaultlib.clk_wiz_0
Compiling module xil_defaultlib.picorv32_default
Compiling module xil_defaultlib.fifo_mem_default
Compiling module xil_defaultlib.fifo_ctrl_default
Compiling module xil_defaultlib.fifo_default
Compiling module xil_defaultlib.uart_tx_default
Compiling module xil_defaultlib.uart_rx_default
Compiling module xil_defaultlib.uart
Compiling module blk_mem_gen_v8_4_9.blk_mem_gen_v8_4_9_output_stage(...
Compiling module blk_mem_gen_v8_4_9.blk_mem_gen_v8_4_9_softecc_outpu...
Compiling module blk_mem_gen_v8_4_9.blk_mem_gen_v8_4_9_mem_module(C_...
Compiling module blk_mem_gen_v8_4_9.blk_mem_gen_v8_4_9(C_FAMILY="art...
Compiling module xil_defaultlib.blk_mem_gen_0
Compiling module unisims_ver.GND
Compiling module unisims_ver.MUXF7
Compiling module unisims_ver.LUT6
Compiling module unisims_ver.x_lut3_mux8
Compiling module unisims_ver.LUT3
Compiling module unisims_ver.FDRE_default
Compiling module unisims_ver.RB36_INTERNAL_VLOG(RDADDR_COLLIS...
Compiling module unisims_ver.RAMB36E1(RDADDR_COLLISION_HWCONF...
Compiling module unisims_ver.LUT4
Compiling module xil_defaultlib.blk_mem_gen_1
Compiling module xil_defaultlib.top_microprocesador
Compiling module xil_defaultlib.tb_top
Compiling module xil_defaultlib.glbl
Built simulation snapshot tb_top_behav
